2025-02-03 10:24:45 [restartedMain] INFO  com.amorif.StartApp -  - Starting StartApp using Java 23.0.1 with PID 19708 (C:\Users\1146514\git\loveif-backend\target\classes started by 1146514 in C:\Users\1146514\git\loveif-backend)
2025-02-03 10:24:45 [restartedMain] INFO  com.amorif.StartApp -  - The following 1 profile is active: "dev"
2025-02-03 10:24:45 [restartedMain] INFO  o.s.b.d.e.DevToolsPropertyDefaultsPostProcessor -  - Devtools property defaults active! Set 'spring.devtools.add-properties' to 'false' to disable
2025-02-03 10:24:45 [restartedMain] INFO  o.s.b.d.e.DevToolsPropertyDefaultsPostProcessor -  - For additional web related logging consider setting the 'logging.level.web' property to 'DEBUG'
2025-02-03 10:24:46 [restartedMain] INFO  o.s.d.r.c.RepositoryConfigurationDelegate -  - Bootstrapping Spring Data JPA repositories in DEFAULT mode.
2025-02-03 10:24:46 [restartedMain] INFO  o.s.d.r.c.RepositoryConfigurationDelegate -  - Finished Spring Data repository scanning in 97 ms. Found 9 JPA repository interfaces.
2025-02-03 10:24:47 [restartedMain] INFO  o.s.b.w.e.tomcat.TomcatWebServer -  - Tomcat initialized with port 8080 (http)
2025-02-03 10:24:47 [restartedMain] INFO  o.a.coyote.http11.Http11NioProtocol -  - Initializing ProtocolHandler ["http-nio-8080"]
2025-02-03 10:24:47 [restartedMain] INFO  o.a.catalina.core.StandardService -  - Starting service [Tomcat]
2025-02-03 10:24:47 [restartedMain] INFO  o.a.catalina.core.StandardEngine -  - Starting Servlet engine: [Apache Tomcat/10.1.16]
2025-02-03 10:24:47 [restartedMain] INFO  o.a.c.c.C.[Tomcat].[localhost].[/] -  - Initializing Spring embedded WebApplicationContext
2025-02-03 10:24:47 [restartedMain] INFO  o.s.b.w.s.c.ServletWebServerApplicationContext -  - Root WebApplicationContext: initialization completed in 2131 ms
2025-02-03 10:24:47 [restartedMain] INFO  o.h.jpa.internal.util.LogHelper -  - HHH000204: Processing PersistenceUnitInfo [name: default]
2025-02-03 10:24:47 [restartedMain] INFO  org.hibernate.Version -  - HHH000412: Hibernate ORM core version 6.3.1.Final
2025-02-03 10:24:47 [restartedMain] INFO  o.h.c.i.RegionFactoryInitiator -  - HHH000026: Second-level cache disabled
2025-02-03 10:24:47 [restartedMain] INFO  o.s.o.j.p.SpringPersistenceUnitInfo -  - No LoadTimeWeaver setup: ignoring JPA class transformer
2025-02-03 10:24:47 [restartedMain] INFO  com.zaxxer.hikari.HikariDataSource -  - HikariPool-1 - Starting...
2025-02-03 10:24:48 [restartedMain] INFO  com.zaxxer.hikari.pool.HikariPool -  - HikariPool-1 - Added connection org.postgresql.jdbc.PgConnection@830f6f1
2025-02-03 10:24:48 [restartedMain] INFO  com.zaxxer.hikari.HikariDataSource -  - HikariPool-1 - Start completed.
2025-02-03 10:24:48 [restartedMain] WARN  org.hibernate.orm.deprecation -  - HHH90000025: PostgreSQLDialect does not need to be specified explicitly using 'hibernate.dialect' (remove the property setting and it will be selected by default)
2025-02-03 10:24:49 [restartedMain] INFO  o.h.e.t.j.p.i.JtaPlatformInitiator -  - HHH000489: No JTA platform available (set 'hibernate.transaction.jta.platform' to enable JTA platform integration)
2025-02-03 10:24:49 [restartedMain] INFO  o.s.o.j.LocalContainerEntityManagerFactoryBean -  - Initialized JPA EntityManagerFactory for persistence unit 'default'
2025-02-03 10:24:49 [restartedMain] INFO  o.s.d.j.r.query.QueryEnhancerFactory -  - Hibernate is in classpath; If applicable, HQL parser will be used.
2025-02-03 10:24:51 [restartedMain] WARN  o.s.b.a.o.j.JpaBaseConfiguration$JpaWebConfiguration -  - spring.jpa.open-in-view is enabled by default. Therefore, database queries may be performed during view rendering. Explicitly configure spring.jpa.open-in-view to disable this warning
2025-02-03 10:24:51 [restartedMain] INFO  o.s.s.web.DefaultSecurityFilterChain -  - Will secure any request with [org.springframework.security.web.session.DisableEncodeUrlFilter@62ac7ecc, org.springframework.security.web.context.request.async.WebAsyncManagerIntegrationFilter@72830f42, org.springframework.security.web.context.SecurityContextHolderFilter@780d3618, org.springframework.security.web.header.HeaderWriterFilter@1a298523, org.springframework.web.filter.CorsFilter@375b644f, org.springframework.security.web.authentication.logout.LogoutFilter@7e2386f0, com.amorif.config.security.JWTAuthenticationFilter@782a39e7, org.springframework.security.web.savedrequest.RequestCacheAwareFilter@418048d, org.springframework.security.web.servletapi.SecurityContextHolderAwareRequestFilter@167b0355, org.springframework.security.web.authentication.AnonymousAuthenticationFilter@17550bb2, org.springframework.security.web.session.SessionManagementFilter@4df77c9d, org.springframework.security.web.access.ExceptionTranslationFilter@7554ead3, org.springframework.security.web.access.intercept.AuthorizationFilter@68ef0a19]
2025-02-03 10:24:51 [restartedMain] INFO  o.s.b.d.a.OptionalLiveReloadServer -  - LiveReload server is running on port 35729
2025-02-03 10:24:51 [restartedMain] INFO  o.a.coyote.http11.Http11NioProtocol -  - Starting ProtocolHandler ["http-nio-8080"]
2025-02-03 10:24:51 [restartedMain] INFO  o.s.b.w.e.tomcat.TomcatWebServer -  - Tomcat started on port 8080 (http) with context path ''
2025-02-03 10:24:51 [restartedMain] INFO  com.amorif.StartApp -  - Started StartApp in 7.468 seconds (process running for 8.597)
2025-02-03 10:42:53 [http-nio-8080-exec-1] INFO  o.a.c.c.C.[Tomcat].[localhost].[/] -  - Initializing Spring DispatcherServlet 'dispatcherServlet'
2025-02-03 10:42:53 [http-nio-8080-exec-1] INFO  o.s.web.servlet.DispatcherServlet -  - Initializing Servlet 'dispatcherServlet'
2025-02-03 10:42:53 [http-nio-8080-exec-1] INFO  o.s.web.servlet.DispatcherServlet -  - Completed initialization in 1 ms
2025-02-03 10:42:53 [http-nio-8080-exec-1] WARN  o.s.w.s.h.HandlerMappingIntrospector -  - Cache miss for REQUEST dispatch to '/api/public/pontuacao' (previous null). Performing MatchableHandlerMapping lookup. This is logged once only at WARN level, and every time at TRACE.
2025-02-03 14:12:32 [restartedMain] INFO  com.amorif.StartApp -  - Starting StartApp using Java 23.0.1 with PID 25972 (C:\Users\1146514\git\loveif-backend\target\classes started by 1146514 in C:\Users\1146514\git\loveif-backend)
2025-02-03 14:12:32 [restartedMain] INFO  com.amorif.StartApp -  - The following 1 profile is active: "dev"
2025-02-03 14:12:32 [restartedMain] INFO  o.s.b.d.e.DevToolsPropertyDefaultsPostProcessor -  - Devtools property defaults active! Set 'spring.devtools.add-properties' to 'false' to disable
2025-02-03 14:12:32 [restartedMain] INFO  o.s.b.d.e.DevToolsPropertyDefaultsPostProcessor -  - For additional web related logging consider setting the 'logging.level.web' property to 'DEBUG'
2025-02-03 14:12:33 [restartedMain] INFO  o.s.d.r.c.RepositoryConfigurationDelegate -  - Bootstrapping Spring Data JPA repositories in DEFAULT mode.
2025-02-03 14:12:33 [restartedMain] INFO  o.s.d.r.c.RepositoryConfigurationDelegate -  - Finished Spring Data repository scanning in 128 ms. Found 9 JPA repository interfaces.
2025-02-03 14:12:34 [restartedMain] INFO  o.s.b.w.e.tomcat.TomcatWebServer -  - Tomcat initialized with port 8080 (http)
2025-02-03 14:12:34 [restartedMain] INFO  o.a.coyote.http11.Http11NioProtocol -  - Initializing ProtocolHandler ["http-nio-8080"]
2025-02-03 14:12:34 [restartedMain] INFO  o.a.catalina.core.StandardService -  - Starting service [Tomcat]
2025-02-03 14:12:34 [restartedMain] INFO  o.a.catalina.core.StandardEngine -  - Starting Servlet engine: [Apache Tomcat/10.1.16]
2025-02-03 14:12:34 [restartedMain] INFO  o.a.c.c.C.[Tomcat].[localhost].[/] -  - Initializing Spring embedded WebApplicationContext
2025-02-03 14:12:34 [restartedMain] INFO  o.s.b.w.s.c.ServletWebServerApplicationContext -  - Root WebApplicationContext: initialization completed in 2013 ms
2025-02-03 14:12:34 [restartedMain] INFO  o.h.jpa.internal.util.LogHelper -  - HHH000204: Processing PersistenceUnitInfo [name: default]
2025-02-03 14:12:34 [restartedMain] INFO  org.hibernate.Version -  - HHH000412: Hibernate ORM core version 6.3.1.Final
2025-02-03 14:12:34 [restartedMain] INFO  o.h.c.i.RegionFactoryInitiator -  - HHH000026: Second-level cache disabled
2025-02-03 14:12:34 [restartedMain] INFO  o.s.o.j.p.SpringPersistenceUnitInfo -  - No LoadTimeWeaver setup: ignoring JPA class transformer
2025-02-03 14:12:34 [restartedMain] INFO  com.zaxxer.hikari.HikariDataSource -  - HikariPool-1 - Starting...
2025-02-03 14:12:35 [restartedMain] INFO  com.zaxxer.hikari.pool.HikariPool -  - HikariPool-1 - Added connection org.postgresql.jdbc.PgConnection@77ea49d6
2025-02-03 14:12:35 [restartedMain] INFO  com.zaxxer.hikari.HikariDataSource -  - HikariPool-1 - Start completed.
2025-02-03 14:12:35 [restartedMain] WARN  org.hibernate.orm.deprecation -  - HHH90000025: PostgreSQLDialect does not need to be specified explicitly using 'hibernate.dialect' (remove the property setting and it will be selected by default)
2025-02-03 14:12:36 [restartedMain] INFO  o.h.e.t.j.p.i.JtaPlatformInitiator -  - HHH000489: No JTA platform available (set 'hibernate.transaction.jta.platform' to enable JTA platform integration)
2025-02-03 14:12:36 [restartedMain] INFO  o.s.o.j.LocalContainerEntityManagerFactoryBean -  - Initialized JPA EntityManagerFactory for persistence unit 'default'
2025-02-03 14:12:36 [restartedMain] INFO  o.s.d.j.r.query.QueryEnhancerFactory -  - Hibernate is in classpath; If applicable, HQL parser will be used.
2025-02-03 14:12:38 [restartedMain] WARN  o.s.b.a.o.j.JpaBaseConfiguration$JpaWebConfiguration -  - spring.jpa.open-in-view is enabled by default. Therefore, database queries may be performed during view rendering. Explicitly configure spring.jpa.open-in-view to disable this warning
2025-02-03 14:12:38 [restartedMain] INFO  o.s.s.web.DefaultSecurityFilterChain -  - Will secure any request with [org.springframework.security.web.session.DisableEncodeUrlFilter@1b71bc37, org.springframework.security.web.context.request.async.WebAsyncManagerIntegrationFilter@6dac3889, org.springframework.security.web.context.SecurityContextHolderFilter@6cb18496, org.springframework.security.web.header.HeaderWriterFilter@6ce00455, org.springframework.web.filter.CorsFilter@4724957b, org.springframework.security.web.authentication.logout.LogoutFilter@4da2809e, com.amorif.config.security.JWTAuthenticationFilter@40aa9644, org.springframework.security.web.savedrequest.RequestCacheAwareFilter@680526a9, org.springframework.security.web.servletapi.SecurityContextHolderAwareRequestFilter@28f4c504, org.springframework.security.web.authentication.AnonymousAuthenticationFilter@171a2a6e, org.springframework.security.web.session.SessionManagementFilter@6e5a299d, org.springframework.security.web.access.ExceptionTranslationFilter@7e8160e1, org.springframework.security.web.access.intercept.AuthorizationFilter@30c8dc6c]
2025-02-03 14:12:38 [restartedMain] INFO  o.s.b.d.a.OptionalLiveReloadServer -  - LiveReload server is running on port 35729
2025-02-03 14:12:38 [restartedMain] INFO  o.a.coyote.http11.Http11NioProtocol -  - Starting ProtocolHandler ["http-nio-8080"]
2025-02-03 14:12:38 [restartedMain] INFO  o.s.b.w.e.tomcat.TomcatWebServer -  - Tomcat started on port 8080 (http) with context path ''
2025-02-03 14:12:38 [restartedMain] INFO  com.amorif.StartApp -  - Started StartApp in 7.287 seconds (process running for 8.048)
2025-02-03 14:12:56 [http-nio-8080-exec-1] INFO  o.a.c.c.C.[Tomcat].[localhost].[/] -  - Initializing Spring DispatcherServlet 'dispatcherServlet'
2025-02-03 14:12:56 [http-nio-8080-exec-1] INFO  o.s.web.servlet.DispatcherServlet -  - Initializing Servlet 'dispatcherServlet'
2025-02-03 14:12:56 [http-nio-8080-exec-1] INFO  o.s.web.servlet.DispatcherServlet -  - Completed initialization in 0 ms
2025-02-03 14:12:56 [http-nio-8080-exec-2] ERROR o.a.c.c.C.[.[.[.[dispatcherServlet] -  - Servlet.service() for servlet [dispatcherServlet] in context with path [] threw exception
com.amorif.exceptions.InvalidJWTAuthenticationException: Autenticação inválida!
	at com.amorif.config.security.JWTTokenProvider.validateToken(JWTTokenProvider.java:127)
	at com.amorif.config.security.JWTAuthenticationFilter.doFilterInternal(JWTAuthenticationFilter.java:45)
	at org.springframework.web.filter.OncePerRequestFilter.doFilter(OncePerRequestFilter.java:116)
	at org.springframework.security.web.FilterChainProxy$VirtualFilterChain.doFilter(FilterChainProxy.java:374)
	at org.springframework.security.web.authentication.logout.LogoutFilter.doFilter(LogoutFilter.java:107)
	at org.springframework.security.web.authentication.logout.LogoutFilter.doFilter(LogoutFilter.java:93)
	at org.springframework.security.web.FilterChainProxy$VirtualFilterChain.doFilter(FilterChainProxy.java:374)
	at org.springframework.web.filter.CorsFilter.doFilterInternal(CorsFilter.java:91)
	at org.springframework.web.filter.OncePerRequestFilter.doFilter(OncePerRequestFilter.java:116)
	at org.springframework.security.web.FilterChainProxy$VirtualFilterChain.doFilter(FilterChainProxy.java:374)
	at org.springframework.security.web.header.HeaderWriterFilter.doHeadersAfter(HeaderWriterFilter.java:90)
	at org.springframework.security.web.header.HeaderWriterFilter.doFilterInternal(HeaderWriterFilter.java:75)
	at org.springframework.web.filter.OncePerRequestFilter.doFilter(OncePerRequestFilter.java:116)
	at org.springframework.security.web.FilterChainProxy$VirtualFilterChain.doFilter(FilterChainProxy.java:374)
	at org.springframework.security.web.context.SecurityContextHolderFilter.doFilter(SecurityContextHolderFilter.java:82)
	at org.springframework.security.web.context.SecurityContextHolderFilter.doFilter(SecurityContextHolderFilter.java:69)
	at org.springframework.security.web.FilterChainProxy$VirtualFilterChain.doFilter(FilterChainProxy.java:374)
	at org.springframework.security.web.context.request.async.WebAsyncManagerIntegrationFilter.doFilterInternal(WebAsyncManagerIntegrationFilter.java:62)
	at org.springframework.web.filter.OncePerRequestFilter.doFilter(OncePerRequestFilter.java:116)
	at org.springframework.security.web.FilterChainProxy$VirtualFilterChain.doFilter(FilterChainProxy.java:374)
	at org.springframework.security.web.session.DisableEncodeUrlFilter.doFilterInternal(DisableEncodeUrlFilter.java:42)
	at org.springframework.web.filter.OncePerRequestFilter.doFilter(OncePerRequestFilter.java:116)
	at org.springframework.security.web.FilterChainProxy$VirtualFilterChain.doFilter(FilterChainProxy.java:374)
	at org.springframework.security.web.FilterChainProxy.doFilterInternal(FilterChainProxy.java:233)
	at org.springframework.security.web.FilterChainProxy.doFilter(FilterChainProxy.java:191)
	at org.springframework.web.filter.DelegatingFilterProxy.invokeDelegate(DelegatingFilterProxy.java:352)
	at org.springframework.web.filter.DelegatingFilterProxy.doFilter(DelegatingFilterProxy.java:268)
	at org.apache.catalina.core.ApplicationFilterChain.internalDoFilter(ApplicationFilterChain.java:174)
	at org.apache.catalina.core.ApplicationFilterChain.doFilter(ApplicationFilterChain.java:149)
	at org.springframework.web.filter.RequestContextFilter.doFilterInternal(RequestContextFilter.java:100)
	at org.springframework.web.filter.OncePerRequestFilter.doFilter(OncePerRequestFilter.java:116)
	at org.apache.catalina.core.ApplicationFilterChain.internalDoFilter(ApplicationFilterChain.java:174)
	at org.apache.catalina.core.ApplicationFilterChain.doFilter(ApplicationFilterChain.java:149)
	at org.springframework.web.filter.FormContentFilter.doFilterInternal(FormContentFilter.java:93)
	at org.springframework.web.filter.OncePerRequestFilter.doFilter(OncePerRequestFilter.java:116)
	at org.apache.catalina.core.ApplicationFilterChain.internalDoFilter(ApplicationFilterChain.java:174)
	at org.apache.catalina.core.ApplicationFilterChain.doFilter(ApplicationFilterChain.java:149)
	at org.springframework.web.filter.CharacterEncodingFilter.doFilterInternal(CharacterEncodingFilter.java:201)
	at org.springframework.web.filter.OncePerRequestFilter.doFilter(OncePerRequestFilter.java:116)
	at org.apache.catalina.core.ApplicationFilterChain.internalDoFilter(ApplicationFilterChain.java:174)
	at org.apache.catalina.core.ApplicationFilterChain.doFilter(ApplicationFilterChain.java:149)
	at org.apache.catalina.core.StandardWrapperValve.invoke(StandardWrapperValve.java:167)
	at org.apache.catalina.core.StandardContextValve.invoke(StandardContextValve.java:90)
	at org.apache.catalina.authenticator.AuthenticatorBase.invoke(AuthenticatorBase.java:482)
	at org.apache.catalina.core.StandardHostValve.invoke(StandardHostValve.java:115)
	at org.apache.catalina.valves.ErrorReportValve.invoke(ErrorReportValve.java:93)
	at org.apache.catalina.core.StandardEngineValve.invoke(StandardEngineValve.java:74)
	at org.apache.catalina.connector.CoyoteAdapter.service(CoyoteAdapter.java:340)
	at org.apache.coyote.http11.Http11Processor.service(Http11Processor.java:391)
	at org.apache.coyote.AbstractProcessorLight.process(AbstractProcessorLight.java:63)
	at org.apache.coyote.AbstractProtocol$ConnectionHandler.process(AbstractProtocol.java:896)
	at org.apache.tomcat.util.net.NioEndpoint$SocketProcessor.doRun(NioEndpoint.java:1744)
	at org.apache.tomcat.util.net.SocketProcessorBase.run(SocketProcessorBase.java:52)
	at org.apache.tomcat.util.threads.ThreadPoolExecutor.runWorker(ThreadPoolExecutor.java:1191)
	at org.apache.tomcat.util.threads.ThreadPoolExecutor$Worker.run(ThreadPoolExecutor.java:659)
	at org.apache.tomcat.util.threads.TaskThread$WrappingRunnable.run(TaskThread.java:61)
	at java.base/java.lang.Thread.run(Thread.java:1575)
2025-02-03 14:12:56 [http-nio-8080-exec-2] WARN  o.s.w.s.h.HandlerMappingIntrospector -  - Cache miss for ERROR dispatch to '/error' (previous null). Performing MatchableHandlerMapping lookup. This is logged once only at WARN level, and every time at TRACE.
2025-02-03 14:13:01 [http-nio-8080-exec-8] WARN  o.s.w.s.m.m.a.ExceptionHandlerExceptionResolver -  - Resolved [com.amorif.exceptions.InvalidJWTAuthenticationException: Credenciais inválidas!]
2025-02-03 14:44:25 [http-nio-8080-exec-2] WARN  o.s.w.s.m.m.a.ExceptionHandlerExceptionResolver -  - Resolved [com.amorif.exceptions.InvalidJWTAuthenticationException: Credenciais inválidas!]
2025-02-03 14:44:40 [http-nio-8080-exec-5] WARN  o.s.w.s.m.m.a.ExceptionHandlerExceptionResolver -  - Resolved [com.amorif.exceptions.InvalidJWTAuthenticationException: Credenciais inválidas!]
2025-02-03 14:56:59 [http-nio-8080-exec-1] WARN  o.s.w.s.m.m.a.ExceptionHandlerExceptionResolver -  - Resolved [com.amorif.exceptions.InvalidJWTAuthenticationException: Credenciais inválidas!]
2025-02-03 14:57:00 [http-nio-8080-exec-4] WARN  o.s.w.s.m.m.a.ExceptionHandlerExceptionResolver -  - Resolved [com.amorif.exceptions.InvalidJWTAuthenticationException: Credenciais inválidas!]
2025-02-03 15:01:07 [http-nio-8080-exec-8] WARN  o.s.w.s.m.m.a.ExceptionHandlerExceptionResolver -  - Resolved [com.amorif.exceptions.InvalidJWTAuthenticationException: Credenciais inválidas!]
2025-02-03 15:03:37 [http-nio-8080-exec-10] WARN  o.s.w.s.m.m.a.ExceptionHandlerExceptionResolver -  - Resolved [com.amorif.exceptions.InvalidJWTAuthenticationException: Credenciais inválidas!]
2025-02-03 15:05:39 [http-nio-8080-exec-2] WARN  o.s.w.s.m.m.a.ExceptionHandlerExceptionResolver -  - Resolved [com.amorif.exceptions.InvalidJWTAuthenticationException: Credenciais inválidas!]
2025-02-03 15:06:03 [http-nio-8080-exec-2] WARN  o.s.w.s.m.m.a.ExceptionHandlerExceptionResolver -  - Resolved [com.amorif.exceptions.InvalidJWTAuthenticationException: Credenciais inválidas!]
2025-02-03 15:11:12 [http-nio-8080-exec-10] WARN  o.s.w.s.m.m.a.ExceptionHandlerExceptionResolver -  - Resolved [com.amorif.exceptions.InvalidJWTAuthenticationException: Credenciais inválidas!]
2025-02-03 15:12:25 [http-nio-8080-exec-7] WARN  o.s.w.s.m.m.a.ExceptionHandlerExceptionResolver -  - Resolved [com.amorif.exceptions.InvalidJWTAuthenticationException: Credenciais inválidas!]
2025-02-03 15:34:44 [http-nio-8080-exec-7] WARN  o.s.w.s.m.m.a.ExceptionHandlerExceptionResolver -  - Resolved [com.amorif.exceptions.InvalidJWTAuthenticationException: Credenciais inválidas!]
2025-02-03 15:50:42 [File Watcher] INFO  o.s.b.d.a.LocalDevToolsAutoConfiguration$RestartingClassPathChangeChangedEventListener -  - Restarting due to 1 class path change (0 additions, 0 deletions, 1 modification)
2025-02-03 15:50:42 [Thread-5] INFO  o.a.coyote.http11.Http11NioProtocol -  - Stopping ProtocolHandler ["http-nio-8080"]
2025-02-03 15:50:42 [Thread-5] INFO  o.s.o.j.LocalContainerEntityManagerFactoryBean -  - Closing JPA EntityManagerFactory for persistence unit 'default'
2025-02-03 15:50:42 [Thread-5] INFO  com.zaxxer.hikari.HikariDataSource -  - HikariPool-1 - Shutdown initiated...
2025-02-03 15:50:42 [Thread-5] INFO  com.zaxxer.hikari.HikariDataSource -  - HikariPool-1 - Shutdown completed.
2025-02-03 15:50:42 [restartedMain] INFO  com.amorif.StartApp -  - Starting StartApp using Java 23.0.1 with PID 25972 (C:\Users\1146514\git\loveif-backend\target\classes started by 1146514 in C:\Users\1146514\git\loveif-backend)
2025-02-03 15:50:42 [restartedMain] INFO  com.amorif.StartApp -  - The following 1 profile is active: "dev"
2025-02-03 15:50:42 [restartedMain] INFO  o.s.d.r.c.RepositoryConfigurationDelegate -  - Bootstrapping Spring Data JPA repositories in DEFAULT mode.
2025-02-03 15:50:42 [restartedMain] INFO  o.s.d.r.c.RepositoryConfigurationDelegate -  - Finished Spring Data repository scanning in 32 ms. Found 9 JPA repository interfaces.
2025-02-03 15:50:42 [restartedMain] INFO  o.s.b.w.e.tomcat.TomcatWebServer -  - Tomcat initialized with port 8080 (http)
2025-02-03 15:50:42 [restartedMain] INFO  o.a.coyote.http11.Http11NioProtocol -  - Initializing ProtocolHandler ["http-nio-8080"]
2025-02-03 15:50:42 [restartedMain] INFO  o.a.catalina.core.StandardService -  - Starting service [Tomcat]
2025-02-03 15:50:42 [restartedMain] INFO  o.a.catalina.core.StandardEngine -  - Starting Servlet engine: [Apache Tomcat/10.1.16]
2025-02-03 15:50:42 [restartedMain] INFO  o.a.c.c.C.[Tomcat].[localhost].[/] -  - Initializing Spring embedded WebApplicationContext
2025-02-03 15:50:42 [restartedMain] INFO  o.s.b.w.s.c.ServletWebServerApplicationContext -  - Root WebApplicationContext: initialization completed in 448 ms
2025-02-03 15:50:43 [restartedMain] INFO  o.h.jpa.internal.util.LogHelper -  - HHH000204: Processing PersistenceUnitInfo [name: default]
2025-02-03 15:50:43 [restartedMain] INFO  o.h.c.i.RegionFactoryInitiator -  - HHH000026: Second-level cache disabled
2025-02-03 15:50:43 [restartedMain] INFO  o.s.o.j.p.SpringPersistenceUnitInfo -  - No LoadTimeWeaver setup: ignoring JPA class transformer
2025-02-03 15:50:43 [restartedMain] INFO  com.zaxxer.hikari.HikariDataSource -  - HikariPool-2 - Starting...
2025-02-03 15:50:43 [restartedMain] INFO  com.zaxxer.hikari.pool.HikariPool -  - HikariPool-2 - Added connection org.postgresql.jdbc.PgConnection@c7cf4dc
2025-02-03 15:50:43 [restartedMain] INFO  com.zaxxer.hikari.HikariDataSource -  - HikariPool-2 - Start completed.
2025-02-03 15:50:43 [restartedMain] WARN  org.hibernate.orm.deprecation -  - HHH90000025: PostgreSQLDialect does not need to be specified explicitly using 'hibernate.dialect' (remove the property setting and it will be selected by default)
2025-02-03 15:50:43 [restartedMain] INFO  o.h.e.t.j.p.i.JtaPlatformInitiator -  - HHH000489: No JTA platform available (set 'hibernate.transaction.jta.platform' to enable JTA platform integration)
2025-02-03 15:50:43 [restartedMain] WARN  o.h.e.jdbc.spi.SqlExceptionHelper -  - SQL Warning Code: 0, SQLState: 00000
2025-02-03 15:50:43 [restartedMain] WARN  o.h.e.jdbc.spi.SqlExceptionHelper -  - relação "pontuacao" não existe, ignorando
2025-02-03 15:50:43 [restartedMain] WARN  o.h.e.jdbc.spi.SqlExceptionHelper -  - SQL Warning Code: 0, SQLState: 00000
2025-02-03 15:50:43 [restartedMain] WARN  o.h.e.jdbc.spi.SqlExceptionHelper -  - relação "pontuacao" não existe, ignorando
2025-02-03 15:50:43 [restartedMain] WARN  o.h.e.jdbc.spi.SqlExceptionHelper -  - SQL Warning Code: 0, SQLState: 00000
2025-02-03 15:50:43 [restartedMain] WARN  o.h.e.jdbc.spi.SqlExceptionHelper -  - relação "pontuacao" não existe, ignorando
2025-02-03 15:50:43 [restartedMain] WARN  o.h.e.jdbc.spi.SqlExceptionHelper -  - SQL Warning Code: 0, SQLState: 00000
2025-02-03 15:50:43 [restartedMain] WARN  o.h.e.jdbc.spi.SqlExceptionHelper -  - relação "pontuacao" não existe, ignorando
2025-02-03 15:50:43 [restartedMain] WARN  o.h.e.jdbc.spi.SqlExceptionHelper -  - SQL Warning Code: 0, SQLState: 00000
2025-02-03 15:50:43 [restartedMain] WARN  o.h.e.jdbc.spi.SqlExceptionHelper -  - relação "regra" não existe, ignorando
2025-02-03 15:50:43 [restartedMain] WARN  o.h.e.jdbc.spi.SqlExceptionHelper -  - SQL Warning Code: 0, SQLState: 00000
2025-02-03 15:50:43 [restartedMain] WARN  o.h.e.jdbc.spi.SqlExceptionHelper -  - relação "regra" não existe, ignorando
2025-02-03 15:50:43 [restartedMain] WARN  o.h.e.jdbc.spi.SqlExceptionHelper -  - SQL Warning Code: 0, SQLState: 00000
2025-02-03 15:50:43 [restartedMain] WARN  o.h.e.jdbc.spi.SqlExceptionHelper -  - relação "regra_funcao" não existe, ignorando
2025-02-03 15:50:43 [restartedMain] WARN  o.h.e.jdbc.spi.SqlExceptionHelper -  - SQL Warning Code: 0, SQLState: 00000
2025-02-03 15:50:43 [restartedMain] WARN  o.h.e.jdbc.spi.SqlExceptionHelper -  - relação "regra_funcao" não existe, ignorando
2025-02-03 15:50:43 [restartedMain] WARN  o.h.e.jdbc.spi.SqlExceptionHelper -  - SQL Warning Code: 0, SQLState: 00000
2025-02-03 15:50:43 [restartedMain] WARN  o.h.e.jdbc.spi.SqlExceptionHelper -  - relação "token" não existe, ignorando
2025-02-03 15:50:43 [restartedMain] WARN  o.h.e.jdbc.spi.SqlExceptionHelper -  - SQL Warning Code: 0, SQLState: 00000
2025-02-03 15:50:43 [restartedMain] WARN  o.h.e.jdbc.spi.SqlExceptionHelper -  - relação "turma" não existe, ignorando
2025-02-03 15:50:43 [restartedMain] WARN  o.h.e.jdbc.spi.SqlExceptionHelper -  - SQL Warning Code: 0, SQLState: 00000
2025-02-03 15:50:43 [restartedMain] WARN  o.h.e.jdbc.spi.SqlExceptionHelper -  - relação "usuario_funcoes" não existe, ignorando
2025-02-03 15:50:43 [restartedMain] WARN  o.h.e.jdbc.spi.SqlExceptionHelper -  - SQL Warning Code: 0, SQLState: 00000
2025-02-03 15:50:43 [restartedMain] WARN  o.h.e.jdbc.spi.SqlExceptionHelper -  - relação "usuario_funcoes" não existe, ignorando
2025-02-03 15:50:43 [restartedMain] WARN  o.h.e.jdbc.spi.SqlExceptionHelper -  - SQL Warning Code: 0, SQLState: 00000
2025-02-03 15:50:43 [restartedMain] WARN  o.h.e.jdbc.spi.SqlExceptionHelper -  - tabela "amorif_usuario" não existe, ignorando
2025-02-03 15:50:43 [restartedMain] WARN  o.h.e.jdbc.spi.SqlExceptionHelper -  - SQL Warning Code: 0, SQLState: 00000
2025-02-03 15:50:43 [restartedMain] WARN  o.h.e.jdbc.spi.SqlExceptionHelper -  - tabela "ano_letivo" não existe, ignorando
2025-02-03 15:50:43 [restartedMain] WARN  o.h.e.jdbc.spi.SqlExceptionHelper -  - SQL Warning Code: 0, SQLState: 00000
2025-02-03 15:50:43 [restartedMain] WARN  o.h.e.jdbc.spi.SqlExceptionHelper -  - tabela "funcao" não existe, ignorando
2025-02-03 15:50:43 [restartedMain] WARN  o.h.e.jdbc.spi.SqlExceptionHelper -  - SQL Warning Code: 0, SQLState: 00000
2025-02-03 15:50:43 [restartedMain] WARN  o.h.e.jdbc.spi.SqlExceptionHelper -  - tabela "pontuacao" não existe, ignorando
2025-02-03 15:50:43 [restartedMain] WARN  o.h.e.jdbc.spi.SqlExceptionHelper -  - SQL Warning Code: 0, SQLState: 00000
2025-02-03 15:50:43 [restartedMain] WARN  o.h.e.jdbc.spi.SqlExceptionHelper -  - tabela "regra" não existe, ignorando
2025-02-03 15:50:43 [restartedMain] WARN  o.h.e.jdbc.spi.SqlExceptionHelper -  - SQL Warning Code: 0, SQLState: 00000
2025-02-03 15:50:43 [restartedMain] WARN  o.h.e.jdbc.spi.SqlExceptionHelper -  - tabela "regra_funcao" não existe, ignorando
2025-02-03 15:50:43 [restartedMain] WARN  o.h.e.jdbc.spi.SqlExceptionHelper -  - SQL Warning Code: 0, SQLState: 00000
2025-02-03 15:50:43 [restartedMain] WARN  o.h.e.jdbc.spi.SqlExceptionHelper -  - tabela "senso" não existe, ignorando
2025-02-03 15:50:43 [restartedMain] WARN  o.h.e.jdbc.spi.SqlExceptionHelper -  - SQL Warning Code: 0, SQLState: 00000
2025-02-03 15:50:43 [restartedMain] WARN  o.h.e.jdbc.spi.SqlExceptionHelper -  - tabela "tipo_regra" não existe, ignorando
2025-02-03 15:50:43 [restartedMain] WARN  o.h.e.jdbc.spi.SqlExceptionHelper -  - SQL Warning Code: 0, SQLState: 00000
2025-02-03 15:50:43 [restartedMain] WARN  o.h.e.jdbc.spi.SqlExceptionHelper -  - tabela "token" não existe, ignorando
2025-02-03 15:50:43 [restartedMain] WARN  o.h.e.jdbc.spi.SqlExceptionHelper -  - SQL Warning Code: 0, SQLState: 00000
2025-02-03 15:50:43 [restartedMain] WARN  o.h.e.jdbc.spi.SqlExceptionHelper -  - tabela "turma" não existe, ignorando
2025-02-03 15:50:43 [restartedMain] WARN  o.h.e.jdbc.spi.SqlExceptionHelper -  - SQL Warning Code: 0, SQLState: 00000
2025-02-03 15:50:43 [restartedMain] WARN  o.h.e.jdbc.spi.SqlExceptionHelper -  - tabela "usuario_funcoes" não existe, ignorando
2025-02-03 15:50:43 [restartedMain] INFO  o.s.o.j.LocalContainerEntityManagerFactoryBean -  - Initialized JPA EntityManagerFactory for persistence unit 'default'
2025-02-03 15:50:43 [restartedMain] WARN  o.s.b.a.o.j.JpaBaseConfiguration$JpaWebConfiguration -  - spring.jpa.open-in-view is enabled by default. Therefore, database queries may be performed during view rendering. Explicitly configure spring.jpa.open-in-view to disable this warning
2025-02-03 15:50:43 [restartedMain] INFO  o.s.s.web.DefaultSecurityFilterChain -  - Will secure any request with [org.springframework.security.web.session.DisableEncodeUrlFilter@174677e8, org.springframework.security.web.context.request.async.WebAsyncManagerIntegrationFilter@ecfa735, org.springframework.security.web.context.SecurityContextHolderFilter@71977270, org.springframework.security.web.header.HeaderWriterFilter@5af119c4, org.springframework.web.filter.CorsFilter@3c15430d, org.springframework.security.web.authentication.logout.LogoutFilter@3f82f35d, com.amorif.config.security.JWTAuthenticationFilter@47299bd2, org.springframework.security.web.savedrequest.RequestCacheAwareFilter@280b485, org.springframework.security.web.servletapi.SecurityContextHolderAwareRequestFilter@506da228, org.springframework.security.web.authentication.AnonymousAuthenticationFilter@30755bac, org.springframework.security.web.session.SessionManagementFilter@22401c16, org.springframework.security.web.access.ExceptionTranslationFilter@684374eb, org.springframework.security.web.access.intercept.AuthorizationFilter@3f766340]
2025-02-03 15:50:43 [restartedMain] INFO  o.s.b.d.a.OptionalLiveReloadServer -  - LiveReload server is running on port 35729
2025-02-03 15:50:43 [restartedMain] INFO  o.a.coyote.http11.Http11NioProtocol -  - Starting ProtocolHandler ["http-nio-8080"]
2025-02-03 15:50:43 [restartedMain] INFO  o.s.b.w.e.tomcat.TomcatWebServer -  - Tomcat started on port 8080 (http) with context path ''
2025-02-03 15:50:43 [restartedMain] INFO  com.amorif.StartApp -  - Started StartApp in 1.369 seconds (process running for 5893.03)
2025-02-03 15:50:44 [restartedMain] INFO  o.s.b.d.a.ConditionEvaluationDeltaLoggingListener -  - Condition evaluation unchanged
2025-02-03 15:50:45 [File Watcher] INFO  o.s.b.d.a.LocalDevToolsAutoConfiguration$RestartingClassPathChangeChangedEventListener -  - Restarting due to 3 class path changes (0 additions, 0 deletions, 3 modifications)
2025-02-03 15:50:45 [Thread-7] INFO  o.a.coyote.http11.Http11NioProtocol -  - Stopping ProtocolHandler ["http-nio-8080"]
2025-02-03 15:50:45 [Thread-7] INFO  o.s.o.j.LocalContainerEntityManagerFactoryBean -  - Closing JPA EntityManagerFactory for persistence unit 'default'
2025-02-03 15:50:45 [Thread-7] INFO  com.zaxxer.hikari.HikariDataSource -  - HikariPool-2 - Shutdown initiated...
2025-02-03 15:50:45 [Thread-7] INFO  com.zaxxer.hikari.HikariDataSource -  - HikariPool-2 - Shutdown completed.
2025-02-03 15:50:45 [restartedMain] INFO  com.amorif.StartApp -  - Starting StartApp using Java 23.0.1 with PID 25972 (C:\Users\1146514\git\loveif-backend\target\classes started by 1146514 in C:\Users\1146514\git\loveif-backend)
2025-02-03 15:50:45 [restartedMain] INFO  com.amorif.StartApp -  - The following 1 profile is active: "dev"
2025-02-03 15:50:45 [restartedMain] INFO  o.s.d.r.c.RepositoryConfigurationDelegate -  - Bootstrapping Spring Data JPA repositories in DEFAULT mode.
2025-02-03 15:50:45 [restartedMain] INFO  o.s.d.r.c.RepositoryConfigurationDelegate -  - Finished Spring Data repository scanning in 28 ms. Found 9 JPA repository interfaces.
2025-02-03 15:50:45 [restartedMain] INFO  o.s.b.w.e.tomcat.TomcatWebServer -  - Tomcat initialized with port 8080 (http)
2025-02-03 15:50:45 [restartedMain] INFO  o.a.coyote.http11.Http11NioProtocol -  - Initializing ProtocolHandler ["http-nio-8080"]
2025-02-03 15:50:45 [restartedMain] INFO  o.a.catalina.core.StandardService -  - Starting service [Tomcat]
2025-02-03 15:50:45 [restartedMain] INFO  o.a.catalina.core.StandardEngine -  - Starting Servlet engine: [Apache Tomcat/10.1.16]
2025-02-03 15:50:45 [restartedMain] INFO  o.a.c.c.C.[Tomcat].[localhost].[/] -  - Initializing Spring embedded WebApplicationContext
2025-02-03 15:50:45 [restartedMain] INFO  o.s.b.w.s.c.ServletWebServerApplicationContext -  - Root WebApplicationContext: initialization completed in 308 ms
2025-02-03 15:50:45 [restartedMain] INFO  o.h.jpa.internal.util.LogHelper -  - HHH000204: Processing PersistenceUnitInfo [name: default]
2025-02-03 15:50:45 [restartedMain] INFO  o.h.c.i.RegionFactoryInitiator -  - HHH000026: Second-level cache disabled
2025-02-03 15:50:45 [restartedMain] INFO  o.s.o.j.p.SpringPersistenceUnitInfo -  - No LoadTimeWeaver setup: ignoring JPA class transformer
2025-02-03 15:50:45 [restartedMain] INFO  com.zaxxer.hikari.HikariDataSource -  - HikariPool-3 - Starting...
2025-02-03 15:50:45 [restartedMain] INFO  com.zaxxer.hikari.pool.HikariPool -  - HikariPool-3 - Added connection org.postgresql.jdbc.PgConnection@720075b3
2025-02-03 15:50:45 [restartedMain] INFO  com.zaxxer.hikari.HikariDataSource -  - HikariPool-3 - Start completed.
2025-02-03 15:50:45 [restartedMain] WARN  org.hibernate.orm.deprecation -  - HHH90000025: PostgreSQLDialect does not need to be specified explicitly using 'hibernate.dialect' (remove the property setting and it will be selected by default)
2025-02-03 15:50:46 [restartedMain] INFO  o.h.e.t.j.p.i.JtaPlatformInitiator -  - HHH000489: No JTA platform available (set 'hibernate.transaction.jta.platform' to enable JTA platform integration)
2025-02-03 15:50:46 [restartedMain] WARN  o.h.e.jdbc.spi.SqlExceptionHelper -  - SQL Warning Code: 0, SQLState: 00000
2025-02-03 15:50:46 [restartedMain] WARN  o.h.e.jdbc.spi.SqlExceptionHelper -  - relação "pontuacao" não existe, ignorando
2025-02-03 15:50:46 [restartedMain] WARN  o.h.e.jdbc.spi.SqlExceptionHelper -  - SQL Warning Code: 0, SQLState: 00000
2025-02-03 15:50:46 [restartedMain] WARN  o.h.e.jdbc.spi.SqlExceptionHelper -  - relação "pontuacao" não existe, ignorando
2025-02-03 15:50:46 [restartedMain] WARN  o.h.e.jdbc.spi.SqlExceptionHelper -  - SQL Warning Code: 0, SQLState: 00000
2025-02-03 15:50:46 [restartedMain] WARN  o.h.e.jdbc.spi.SqlExceptionHelper -  - relação "pontuacao" não existe, ignorando
2025-02-03 15:50:46 [restartedMain] WARN  o.h.e.jdbc.spi.SqlExceptionHelper -  - SQL Warning Code: 0, SQLState: 00000
2025-02-03 15:50:46 [restartedMain] WARN  o.h.e.jdbc.spi.SqlExceptionHelper -  - relação "pontuacao" não existe, ignorando
2025-02-03 15:50:46 [restartedMain] WARN  o.h.e.jdbc.spi.SqlExceptionHelper -  - SQL Warning Code: 0, SQLState: 00000
2025-02-03 15:50:46 [restartedMain] WARN  o.h.e.jdbc.spi.SqlExceptionHelper -  - relação "regra" não existe, ignorando
2025-02-03 15:50:46 [restartedMain] WARN  o.h.e.jdbc.spi.SqlExceptionHelper -  - SQL Warning Code: 0, SQLState: 00000
2025-02-03 15:50:46 [restartedMain] WARN  o.h.e.jdbc.spi.SqlExceptionHelper -  - relação "regra" não existe, ignorando
2025-02-03 15:50:46 [restartedMain] WARN  o.h.e.jdbc.spi.SqlExceptionHelper -  - SQL Warning Code: 0, SQLState: 00000
2025-02-03 15:50:46 [restartedMain] WARN  o.h.e.jdbc.spi.SqlExceptionHelper -  - relação "regra_funcao" não existe, ignorando
2025-02-03 15:50:46 [restartedMain] WARN  o.h.e.jdbc.spi.SqlExceptionHelper -  - SQL Warning Code: 0, SQLState: 00000
2025-02-03 15:50:46 [restartedMain] WARN  o.h.e.jdbc.spi.SqlExceptionHelper -  - relação "regra_funcao" não existe, ignorando
2025-02-03 15:50:46 [restartedMain] WARN  o.h.e.jdbc.spi.SqlExceptionHelper -  - SQL Warning Code: 0, SQLState: 00000
2025-02-03 15:50:46 [restartedMain] WARN  o.h.e.jdbc.spi.SqlExceptionHelper -  - relação "token" não existe, ignorando
2025-02-03 15:50:46 [restartedMain] WARN  o.h.e.jdbc.spi.SqlExceptionHelper -  - SQL Warning Code: 0, SQLState: 00000
2025-02-03 15:50:46 [restartedMain] WARN  o.h.e.jdbc.spi.SqlExceptionHelper -  - relação "turma" não existe, ignorando
2025-02-03 15:50:46 [restartedMain] WARN  o.h.e.jdbc.spi.SqlExceptionHelper -  - SQL Warning Code: 0, SQLState: 00000
2025-02-03 15:50:46 [restartedMain] WARN  o.h.e.jdbc.spi.SqlExceptionHelper -  - relação "usuario_funcoes" não existe, ignorando
2025-02-03 15:50:46 [restartedMain] WARN  o.h.e.jdbc.spi.SqlExceptionHelper -  - SQL Warning Code: 0, SQLState: 00000
2025-02-03 15:50:46 [restartedMain] WARN  o.h.e.jdbc.spi.SqlExceptionHelper -  - relação "usuario_funcoes" não existe, ignorando
2025-02-03 15:50:46 [restartedMain] WARN  o.h.e.jdbc.spi.SqlExceptionHelper -  - SQL Warning Code: 0, SQLState: 00000
2025-02-03 15:50:46 [restartedMain] WARN  o.h.e.jdbc.spi.SqlExceptionHelper -  - tabela "amorif_usuario" não existe, ignorando
2025-02-03 15:50:46 [restartedMain] WARN  o.h.e.jdbc.spi.SqlExceptionHelper -  - SQL Warning Code: 0, SQLState: 00000
2025-02-03 15:50:46 [restartedMain] WARN  o.h.e.jdbc.spi.SqlExceptionHelper -  - tabela "ano_letivo" não existe, ignorando
2025-02-03 15:50:46 [restartedMain] WARN  o.h.e.jdbc.spi.SqlExceptionHelper -  - SQL Warning Code: 0, SQLState: 00000
2025-02-03 15:50:46 [restartedMain] WARN  o.h.e.jdbc.spi.SqlExceptionHelper -  - tabela "funcao" não existe, ignorando
2025-02-03 15:50:46 [restartedMain] WARN  o.h.e.jdbc.spi.SqlExceptionHelper -  - SQL Warning Code: 0, SQLState: 00000
2025-02-03 15:50:46 [restartedMain] WARN  o.h.e.jdbc.spi.SqlExceptionHelper -  - tabela "pontuacao" não existe, ignorando
2025-02-03 15:50:46 [restartedMain] WARN  o.h.e.jdbc.spi.SqlExceptionHelper -  - SQL Warning Code: 0, SQLState: 00000
2025-02-03 15:50:46 [restartedMain] WARN  o.h.e.jdbc.spi.SqlExceptionHelper -  - tabela "regra" não existe, ignorando
2025-02-03 15:50:46 [restartedMain] WARN  o.h.e.jdbc.spi.SqlExceptionHelper -  - SQL Warning Code: 0, SQLState: 00000
2025-02-03 15:50:46 [restartedMain] WARN  o.h.e.jdbc.spi.SqlExceptionHelper -  - tabela "regra_funcao" não existe, ignorando
2025-02-03 15:50:46 [restartedMain] WARN  o.h.e.jdbc.spi.SqlExceptionHelper -  - SQL Warning Code: 0, SQLState: 00000
2025-02-03 15:50:46 [restartedMain] WARN  o.h.e.jdbc.spi.SqlExceptionHelper -  - tabela "senso" não existe, ignorando
2025-02-03 15:50:46 [restartedMain] WARN  o.h.e.jdbc.spi.SqlExceptionHelper -  - SQL Warning Code: 0, SQLState: 00000
2025-02-03 15:50:46 [restartedMain] WARN  o.h.e.jdbc.spi.SqlExceptionHelper -  - tabela "tipo_regra" não existe, ignorando
2025-02-03 15:50:46 [restartedMain] WARN  o.h.e.jdbc.spi.SqlExceptionHelper -  - SQL Warning Code: 0, SQLState: 00000
2025-02-03 15:50:46 [restartedMain] WARN  o.h.e.jdbc.spi.SqlExceptionHelper -  - tabela "token" não existe, ignorando
2025-02-03 15:50:46 [restartedMain] WARN  o.h.e.jdbc.spi.SqlExceptionHelper -  - SQL Warning Code: 0, SQLState: 00000
2025-02-03 15:50:46 [restartedMain] WARN  o.h.e.jdbc.spi.SqlExceptionHelper -  - tabela "turma" não existe, ignorando
2025-02-03 15:50:46 [restartedMain] WARN  o.h.e.jdbc.spi.SqlExceptionHelper -  - SQL Warning Code: 0, SQLState: 00000
2025-02-03 15:50:46 [restartedMain] WARN  o.h.e.jdbc.spi.SqlExceptionHelper -  - tabela "usuario_funcoes" não existe, ignorando
2025-02-03 15:50:46 [restartedMain] INFO  o.s.o.j.LocalContainerEntityManagerFactoryBean -  - Initialized JPA EntityManagerFactory for persistence unit 'default'
2025-02-03 15:50:46 [restartedMain] WARN  o.s.b.a.o.j.JpaBaseConfiguration$JpaWebConfiguration -  - spring.jpa.open-in-view is enabled by default. Therefore, database queries may be performed during view rendering. Explicitly configure spring.jpa.open-in-view to disable this warning
2025-02-03 15:50:46 [restartedMain] INFO  o.s.s.web.DefaultSecurityFilterChain -  - Will secure any request with [org.springframework.security.web.session.DisableEncodeUrlFilter@33fe8263, org.springframework.security.web.context.request.async.WebAsyncManagerIntegrationFilter@6f1f15e0, org.springframework.security.web.context.SecurityContextHolderFilter@4b54b4ce, org.springframework.security.web.header.HeaderWriterFilter@6ef34436, org.springframework.web.filter.CorsFilter@17e4d339, org.springframework.security.web.authentication.logout.LogoutFilter@255f2c50, com.amorif.config.security.JWTAuthenticationFilter@5b4be698, org.springframework.security.web.savedrequest.RequestCacheAwareFilter@7da0c819, org.springframework.security.web.servletapi.SecurityContextHolderAwareRequestFilter@986f16f, org.springframework.security.web.authentication.AnonymousAuthenticationFilter@4d772f3e, org.springframework.security.web.session.SessionManagementFilter@5be33c99, org.springframework.security.web.access.ExceptionTranslationFilter@457e678a, org.springframework.security.web.access.intercept.AuthorizationFilter@607757cc]
2025-02-03 15:50:46 [restartedMain] INFO  o.s.b.d.a.OptionalLiveReloadServer -  - LiveReload server is running on port 35729
2025-02-03 15:50:46 [restartedMain] INFO  o.a.coyote.http11.Http11NioProtocol -  - Starting ProtocolHandler ["http-nio-8080"]
2025-02-03 15:50:46 [restartedMain] INFO  o.s.b.w.e.tomcat.TomcatWebServer -  - Tomcat started on port 8080 (http) with context path ''
2025-02-03 15:50:46 [restartedMain] INFO  com.amorif.StartApp -  - Started StartApp in 1.011 seconds (process running for 5895.626)
2025-02-03 15:50:46 [restartedMain] INFO  o.s.b.d.a.ConditionEvaluationDeltaLoggingListener -  - Condition evaluation unchanged
2025-02-03 15:50:49 [http-nio-8080-exec-1] INFO  o.a.c.c.C.[Tomcat].[localhost].[/] -  - Initializing Spring DispatcherServlet 'dispatcherServlet'
2025-02-03 15:50:49 [http-nio-8080-exec-1] INFO  o.s.web.servlet.DispatcherServlet -  - Initializing Servlet 'dispatcherServlet'
2025-02-03 15:50:49 [http-nio-8080-exec-1] INFO  o.s.web.servlet.DispatcherServlet -  - Completed initialization in 1 ms
2025-02-03 15:50:49 [http-nio-8080-exec-2] ERROR o.a.c.c.C.[.[.[.[dispatcherServlet] -  - Servlet.service() for servlet [dispatcherServlet] in context with path [] threw exception
com.amorif.exceptions.UserNotFoundException: Não existe um usuário no sistema com essa matrícula!
	at com.amorif.config.AppConfig.lambda$1(AppConfig.java:26)
	at java.base/java.util.Optional.orElseThrow(Optional.java:403)
	at com.amorif.config.AppConfig.lambda$0(AppConfig.java:26)
	at com.amorif.config.security.JWTTokenProvider.getAuthentication(JWTTokenProvider.java:101)
	at com.amorif.config.security.JWTAuthenticationFilter.doFilterInternal(JWTAuthenticationFilter.java:50)
	at org.springframework.web.filter.OncePerRequestFilter.doFilter(OncePerRequestFilter.java:116)
	at org.springframework.security.web.FilterChainProxy$VirtualFilterChain.doFilter(FilterChainProxy.java:374)
	at org.springframework.security.web.authentication.logout.LogoutFilter.doFilter(LogoutFilter.java:107)
	at org.springframework.security.web.authentication.logout.LogoutFilter.doFilter(LogoutFilter.java:93)
	at org.springframework.security.web.FilterChainProxy$VirtualFilterChain.doFilter(FilterChainProxy.java:374)
	at org.springframework.web.filter.CorsFilter.doFilterInternal(CorsFilter.java:91)
	at org.springframework.web.filter.OncePerRequestFilter.doFilter(OncePerRequestFilter.java:116)
	at org.springframework.security.web.FilterChainProxy$VirtualFilterChain.doFilter(FilterChainProxy.java:374)
	at org.springframework.security.web.header.HeaderWriterFilter.doHeadersAfter(HeaderWriterFilter.java:90)
	at org.springframework.security.web.header.HeaderWriterFilter.doFilterInternal(HeaderWriterFilter.java:75)
	at org.springframework.web.filter.OncePerRequestFilter.doFilter(OncePerRequestFilter.java:116)
	at org.springframework.security.web.FilterChainProxy$VirtualFilterChain.doFilter(FilterChainProxy.java:374)
	at org.springframework.security.web.context.SecurityContextHolderFilter.doFilter(SecurityContextHolderFilter.java:82)
	at org.springframework.security.web.context.SecurityContextHolderFilter.doFilter(SecurityContextHolderFilter.java:69)
	at org.springframework.security.web.FilterChainProxy$VirtualFilterChain.doFilter(FilterChainProxy.java:374)
	at org.springframework.security.web.context.request.async.WebAsyncManagerIntegrationFilter.doFilterInternal(WebAsyncManagerIntegrationFilter.java:62)
	at org.springframework.web.filter.OncePerRequestFilter.doFilter(OncePerRequestFilter.java:116)
	at org.springframework.security.web.FilterChainProxy$VirtualFilterChain.doFilter(FilterChainProxy.java:374)
	at org.springframework.security.web.session.DisableEncodeUrlFilter.doFilterInternal(DisableEncodeUrlFilter.java:42)
	at org.springframework.web.filter.OncePerRequestFilter.doFilter(OncePerRequestFilter.java:116)
	at org.springframework.security.web.FilterChainProxy$VirtualFilterChain.doFilter(FilterChainProxy.java:374)
	at org.springframework.security.web.FilterChainProxy.doFilterInternal(FilterChainProxy.java:233)
	at org.springframework.security.web.FilterChainProxy.doFilter(FilterChainProxy.java:191)
	at org.springframework.web.filter.DelegatingFilterProxy.invokeDelegate(DelegatingFilterProxy.java:352)
	at org.springframework.web.filter.DelegatingFilterProxy.doFilter(DelegatingFilterProxy.java:268)
	at org.apache.catalina.core.ApplicationFilterChain.internalDoFilter(ApplicationFilterChain.java:174)
	at org.apache.catalina.core.ApplicationFilterChain.doFilter(ApplicationFilterChain.java:149)
	at org.springframework.web.filter.RequestContextFilter.doFilterInternal(RequestContextFilter.java:100)
	at org.springframework.web.filter.OncePerRequestFilter.doFilter(OncePerRequestFilter.java:116)
	at org.apache.catalina.core.ApplicationFilterChain.internalDoFilter(ApplicationFilterChain.java:174)
	at org.apache.catalina.core.ApplicationFilterChain.doFilter(ApplicationFilterChain.java:149)
	at org.springframework.web.filter.FormContentFilter.doFilterInternal(FormContentFilter.java:93)
	at org.springframework.web.filter.OncePerRequestFilter.doFilter(OncePerRequestFilter.java:116)
	at org.apache.catalina.core.ApplicationFilterChain.internalDoFilter(ApplicationFilterChain.java:174)
	at org.apache.catalina.core.ApplicationFilterChain.doFilter(ApplicationFilterChain.java:149)
	at org.springframework.web.filter.CharacterEncodingFilter.doFilterInternal(CharacterEncodingFilter.java:201)
	at org.springframework.web.filter.OncePerRequestFilter.doFilter(OncePerRequestFilter.java:116)
	at org.apache.catalina.core.ApplicationFilterChain.internalDoFilter(ApplicationFilterChain.java:174)
	at org.apache.catalina.core.ApplicationFilterChain.doFilter(ApplicationFilterChain.java:149)
	at org.apache.catalina.core.StandardWrapperValve.invoke(StandardWrapperValve.java:167)
	at org.apache.catalina.core.StandardContextValve.invoke(StandardContextValve.java:90)
	at org.apache.catalina.authenticator.AuthenticatorBase.invoke(AuthenticatorBase.java:482)
	at org.apache.catalina.core.StandardHostValve.invoke(StandardHostValve.java:115)
	at org.apache.catalina.valves.ErrorReportValve.invoke(ErrorReportValve.java:93)
	at org.apache.catalina.core.StandardEngineValve.invoke(StandardEngineValve.java:74)
	at org.apache.catalina.connector.CoyoteAdapter.service(CoyoteAdapter.java:340)
	at org.apache.coyote.http11.Http11Processor.service(Http11Processor.java:391)
	at org.apache.coyote.AbstractProcessorLight.process(AbstractProcessorLight.java:63)
	at org.apache.coyote.AbstractProtocol$ConnectionHandler.process(AbstractProtocol.java:896)
	at org.apache.tomcat.util.net.NioEndpoint$SocketProcessor.doRun(NioEndpoint.java:1744)
	at org.apache.tomcat.util.net.SocketProcessorBase.run(SocketProcessorBase.java:52)
	at org.apache.tomcat.util.threads.ThreadPoolExecutor.runWorker(ThreadPoolExecutor.java:1191)
	at org.apache.tomcat.util.threads.ThreadPoolExecutor$Worker.run(ThreadPoolExecutor.java:659)
	at org.apache.tomcat.util.threads.TaskThread$WrappingRunnable.run(TaskThread.java:61)
	at java.base/java.lang.Thread.run(Thread.java:1575)
2025-02-03 15:50:49 [http-nio-8080-exec-2] WARN  o.s.w.s.h.HandlerMappingIntrospector -  - Cache miss for ERROR dispatch to '/error' (previous null). Performing MatchableHandlerMapping lookup. This is logged once only at WARN level, and every time at TRACE.
2025-02-03 15:50:49 [http-nio-8080-exec-4] ERROR o.a.c.c.C.[.[.[.[dispatcherServlet] -  - Servlet.service() for servlet [dispatcherServlet] in context with path [] threw exception
com.amorif.exceptions.UserNotFoundException: Não existe um usuário no sistema com essa matrícula!
	at com.amorif.config.AppConfig.lambda$1(AppConfig.java:26)
	at java.base/java.util.Optional.orElseThrow(Optional.java:403)
	at com.amorif.config.AppConfig.lambda$0(AppConfig.java:26)
	at com.amorif.config.security.JWTTokenProvider.getAuthentication(JWTTokenProvider.java:101)
	at com.amorif.config.security.JWTAuthenticationFilter.doFilterInternal(JWTAuthenticationFilter.java:50)
	at org.springframework.web.filter.OncePerRequestFilter.doFilter(OncePerRequestFilter.java:116)
	at org.springframework.security.web.FilterChainProxy$VirtualFilterChain.doFilter(FilterChainProxy.java:374)
	at org.springframework.security.web.authentication.logout.LogoutFilter.doFilter(LogoutFilter.java:107)
	at org.springframework.security.web.authentication.logout.LogoutFilter.doFilter(LogoutFilter.java:93)
	at org.springframework.security.web.FilterChainProxy$VirtualFilterChain.doFilter(FilterChainProxy.java:374)
	at org.springframework.web.filter.CorsFilter.doFilterInternal(CorsFilter.java:91)
	at org.springframework.web.filter.OncePerRequestFilter.doFilter(OncePerRequestFilter.java:116)
	at org.springframework.security.web.FilterChainProxy$VirtualFilterChain.doFilter(FilterChainProxy.java:374)
	at org.springframework.security.web.header.HeaderWriterFilter.doHeadersAfter(HeaderWriterFilter.java:90)
	at org.springframework.security.web.header.HeaderWriterFilter.doFilterInternal(HeaderWriterFilter.java:75)
	at org.springframework.web.filter.OncePerRequestFilter.doFilter(OncePerRequestFilter.java:116)
	at org.springframework.security.web.FilterChainProxy$VirtualFilterChain.doFilter(FilterChainProxy.java:374)
	at org.springframework.security.web.context.SecurityContextHolderFilter.doFilter(SecurityContextHolderFilter.java:82)
	at org.springframework.security.web.context.SecurityContextHolderFilter.doFilter(SecurityContextHolderFilter.java:69)
	at org.springframework.security.web.FilterChainProxy$VirtualFilterChain.doFilter(FilterChainProxy.java:374)
	at org.springframework.security.web.context.request.async.WebAsyncManagerIntegrationFilter.doFilterInternal(WebAsyncManagerIntegrationFilter.java:62)
	at org.springframework.web.filter.OncePerRequestFilter.doFilter(OncePerRequestFilter.java:116)
	at org.springframework.security.web.FilterChainProxy$VirtualFilterChain.doFilter(FilterChainProxy.java:374)
	at org.springframework.security.web.session.DisableEncodeUrlFilter.doFilterInternal(DisableEncodeUrlFilter.java:42)
	at org.springframework.web.filter.OncePerRequestFilter.doFilter(OncePerRequestFilter.java:116)
	at org.springframework.security.web.FilterChainProxy$VirtualFilterChain.doFilter(FilterChainProxy.java:374)
	at org.springframework.security.web.FilterChainProxy.doFilterInternal(FilterChainProxy.java:233)
	at org.springframework.security.web.FilterChainProxy.doFilter(FilterChainProxy.java:191)
	at org.springframework.web.filter.DelegatingFilterProxy.invokeDelegate(DelegatingFilterProxy.java:352)
	at org.springframework.web.filter.DelegatingFilterProxy.doFilter(DelegatingFilterProxy.java:268)
	at org.apache.catalina.core.ApplicationFilterChain.internalDoFilter(ApplicationFilterChain.java:174)
	at org.apache.catalina.core.ApplicationFilterChain.doFilter(ApplicationFilterChain.java:149)
	at org.springframework.web.filter.RequestContextFilter.doFilterInternal(RequestContextFilter.java:100)
	at org.springframework.web.filter.OncePerRequestFilter.doFilter(OncePerRequestFilter.java:116)
	at org.apache.catalina.core.ApplicationFilterChain.internalDoFilter(ApplicationFilterChain.java:174)
	at org.apache.catalina.core.ApplicationFilterChain.doFilter(ApplicationFilterChain.java:149)
	at org.springframework.web.filter.FormContentFilter.doFilterInternal(FormContentFilter.java:93)
	at org.springframework.web.filter.OncePerRequestFilter.doFilter(OncePerRequestFilter.java:116)
	at org.apache.catalina.core.ApplicationFilterChain.internalDoFilter(ApplicationFilterChain.java:174)
	at org.apache.catalina.core.ApplicationFilterChain.doFilter(ApplicationFilterChain.java:149)
	at org.springframework.web.filter.CharacterEncodingFilter.doFilterInternal(CharacterEncodingFilter.java:201)
	at org.springframework.web.filter.OncePerRequestFilter.doFilter(OncePerRequestFilter.java:116)
	at org.apache.catalina.core.ApplicationFilterChain.internalDoFilter(ApplicationFilterChain.java:174)
	at org.apache.catalina.core.ApplicationFilterChain.doFilter(ApplicationFilterChain.java:149)
	at org.apache.catalina.core.StandardWrapperValve.invoke(StandardWrapperValve.java:167)
	at org.apache.catalina.core.StandardContextValve.invoke(StandardContextValve.java:90)
	at org.apache.catalina.authenticator.AuthenticatorBase.invoke(AuthenticatorBase.java:482)
	at org.apache.catalina.core.StandardHostValve.invoke(StandardHostValve.java:115)
	at org.apache.catalina.valves.ErrorReportValve.invoke(ErrorReportValve.java:93)
	at org.apache.catalina.core.StandardEngineValve.invoke(StandardEngineValve.java:74)
	at org.apache.catalina.connector.CoyoteAdapter.service(CoyoteAdapter.java:340)
	at org.apache.coyote.http11.Http11Processor.service(Http11Processor.java:391)
	at org.apache.coyote.AbstractProcessorLight.process(AbstractProcessorLight.java:63)
	at org.apache.coyote.AbstractProtocol$ConnectionHandler.process(AbstractProtocol.java:896)
	at org.apache.tomcat.util.net.NioEndpoint$SocketProcessor.doRun(NioEndpoint.java:1744)
	at org.apache.tomcat.util.net.SocketProcessorBase.run(SocketProcessorBase.java:52)
	at org.apache.tomcat.util.threads.ThreadPoolExecutor.runWorker(ThreadPoolExecutor.java:1191)
	at org.apache.tomcat.util.threads.ThreadPoolExecutor$Worker.run(ThreadPoolExecutor.java:659)
	at org.apache.tomcat.util.threads.TaskThread$WrappingRunnable.run(TaskThread.java:61)
	at java.base/java.lang.Thread.run(Thread.java:1575)
2025-02-03 15:53:28 [File Watcher] INFO  o.s.b.d.a.LocalDevToolsAutoConfiguration$RestartingClassPathChangeChangedEventListener -  - Restarting due to 1 class path change (0 additions, 0 deletions, 1 modification)
2025-02-03 15:53:28 [Thread-11] INFO  o.a.coyote.http11.Http11NioProtocol -  - Stopping ProtocolHandler ["http-nio-8080"]
2025-02-03 15:53:28 [Thread-11] INFO  o.s.o.j.LocalContainerEntityManagerFactoryBean -  - Closing JPA EntityManagerFactory for persistence unit 'default'
2025-02-03 15:53:28 [Thread-11] INFO  com.zaxxer.hikari.HikariDataSource -  - HikariPool-3 - Shutdown initiated...
2025-02-03 15:53:28 [Thread-11] INFO  com.zaxxer.hikari.HikariDataSource -  - HikariPool-3 - Shutdown completed.
2025-02-03 15:53:28 [restartedMain] INFO  com.amorif.StartApp -  - Starting StartApp using Java 23.0.1 with PID 25972 (C:\Users\1146514\git\loveif-backend\target\classes started by 1146514 in C:\Users\1146514\git\loveif-backend)
2025-02-03 15:53:28 [restartedMain] INFO  com.amorif.StartApp -  - The following 1 profile is active: "dev"
2025-02-03 15:53:29 [restartedMain] INFO  o.s.d.r.c.RepositoryConfigurationDelegate -  - Bootstrapping Spring Data JPA repositories in DEFAULT mode.
2025-02-03 15:53:29 [restartedMain] INFO  o.s.d.r.c.RepositoryConfigurationDelegate -  - Finished Spring Data repository scanning in 29 ms. Found 9 JPA repository interfaces.
2025-02-03 15:53:29 [restartedMain] INFO  o.s.b.w.e.tomcat.TomcatWebServer -  - Tomcat initialized with port 8080 (http)
2025-02-03 15:53:29 [restartedMain] INFO  o.a.coyote.http11.Http11NioProtocol -  - Initializing ProtocolHandler ["http-nio-8080"]
2025-02-03 15:53:29 [restartedMain] INFO  o.a.catalina.core.StandardService -  - Starting service [Tomcat]
2025-02-03 15:53:29 [restartedMain] INFO  o.a.catalina.core.StandardEngine -  - Starting Servlet engine: [Apache Tomcat/10.1.16]
2025-02-03 15:53:29 [restartedMain] INFO  o.a.c.c.C.[Tomcat].[localhost].[/] -  - Initializing Spring embedded WebApplicationContext
2025-02-03 15:53:29 [restartedMain] INFO  o.s.b.w.s.c.ServletWebServerApplicationContext -  - Root WebApplicationContext: initialization completed in 298 ms
2025-02-03 15:53:29 [restartedMain] INFO  o.h.jpa.internal.util.LogHelper -  - HHH000204: Processing PersistenceUnitInfo [name: default]
2025-02-03 15:53:29 [restartedMain] INFO  o.h.c.i.RegionFactoryInitiator -  - HHH000026: Second-level cache disabled
2025-02-03 15:53:29 [restartedMain] INFO  o.s.o.j.p.SpringPersistenceUnitInfo -  - No LoadTimeWeaver setup: ignoring JPA class transformer
2025-02-03 15:53:29 [restartedMain] INFO  com.zaxxer.hikari.HikariDataSource -  - HikariPool-4 - Starting...
2025-02-03 15:53:29 [restartedMain] INFO  com.zaxxer.hikari.pool.HikariPool -  - HikariPool-4 - Added connection org.postgresql.jdbc.PgConnection@6b3dd271
2025-02-03 15:53:29 [restartedMain] INFO  com.zaxxer.hikari.HikariDataSource -  - HikariPool-4 - Start completed.
2025-02-03 15:53:29 [restartedMain] WARN  org.hibernate.orm.deprecation -  - HHH90000025: PostgreSQLDialect does not need to be specified explicitly using 'hibernate.dialect' (remove the property setting and it will be selected by default)
2025-02-03 15:53:29 [restartedMain] INFO  o.h.e.t.j.p.i.JtaPlatformInitiator -  - HHH000489: No JTA platform available (set 'hibernate.transaction.jta.platform' to enable JTA platform integration)
2025-02-03 15:53:29 [restartedMain] WARN  o.h.e.jdbc.spi.SqlExceptionHelper -  - SQL Warning Code: 0, SQLState: 00000
2025-02-03 15:53:29 [restartedMain] WARN  o.h.e.jdbc.spi.SqlExceptionHelper -  - relação "pontuacao" não existe, ignorando
2025-02-03 15:53:29 [restartedMain] WARN  o.h.e.jdbc.spi.SqlExceptionHelper -  - SQL Warning Code: 0, SQLState: 00000
2025-02-03 15:53:29 [restartedMain] WARN  o.h.e.jdbc.spi.SqlExceptionHelper -  - relação "pontuacao" não existe, ignorando
2025-02-03 15:53:29 [restartedMain] WARN  o.h.e.jdbc.spi.SqlExceptionHelper -  - SQL Warning Code: 0, SQLState: 00000
2025-02-03 15:53:29 [restartedMain] WARN  o.h.e.jdbc.spi.SqlExceptionHelper -  - relação "pontuacao" não existe, ignorando
2025-02-03 15:53:29 [restartedMain] WARN  o.h.e.jdbc.spi.SqlExceptionHelper -  - SQL Warning Code: 0, SQLState: 00000
2025-02-03 15:53:29 [restartedMain] WARN  o.h.e.jdbc.spi.SqlExceptionHelper -  - relação "pontuacao" não existe, ignorando
2025-02-03 15:53:29 [restartedMain] WARN  o.h.e.jdbc.spi.SqlExceptionHelper -  - SQL Warning Code: 0, SQLState: 00000
2025-02-03 15:53:29 [restartedMain] WARN  o.h.e.jdbc.spi.SqlExceptionHelper -  - relação "regra" não existe, ignorando
2025-02-03 15:53:29 [restartedMain] WARN  o.h.e.jdbc.spi.SqlExceptionHelper -  - SQL Warning Code: 0, SQLState: 00000
2025-02-03 15:53:29 [restartedMain] WARN  o.h.e.jdbc.spi.SqlExceptionHelper -  - relação "regra" não existe, ignorando
2025-02-03 15:53:29 [restartedMain] WARN  o.h.e.jdbc.spi.SqlExceptionHelper -  - SQL Warning Code: 0, SQLState: 00000
2025-02-03 15:53:29 [restartedMain] WARN  o.h.e.jdbc.spi.SqlExceptionHelper -  - relação "regra_funcao" não existe, ignorando
2025-02-03 15:53:29 [restartedMain] WARN  o.h.e.jdbc.spi.SqlExceptionHelper -  - SQL Warning Code: 0, SQLState: 00000
2025-02-03 15:53:29 [restartedMain] WARN  o.h.e.jdbc.spi.SqlExceptionHelper -  - relação "regra_funcao" não existe, ignorando
2025-02-03 15:53:29 [restartedMain] WARN  o.h.e.jdbc.spi.SqlExceptionHelper -  - SQL Warning Code: 0, SQLState: 00000
2025-02-03 15:53:29 [restartedMain] WARN  o.h.e.jdbc.spi.SqlExceptionHelper -  - relação "token" não existe, ignorando
2025-02-03 15:53:29 [restartedMain] WARN  o.h.e.jdbc.spi.SqlExceptionHelper -  - SQL Warning Code: 0, SQLState: 00000
2025-02-03 15:53:29 [restartedMain] WARN  o.h.e.jdbc.spi.SqlExceptionHelper -  - relação "turma" não existe, ignorando
2025-02-03 15:53:29 [restartedMain] WARN  o.h.e.jdbc.spi.SqlExceptionHelper -  - SQL Warning Code: 0, SQLState: 00000
2025-02-03 15:53:29 [restartedMain] WARN  o.h.e.jdbc.spi.SqlExceptionHelper -  - relação "usuario_funcoes" não existe, ignorando
2025-02-03 15:53:29 [restartedMain] WARN  o.h.e.jdbc.spi.SqlExceptionHelper -  - SQL Warning Code: 0, SQLState: 00000
2025-02-03 15:53:29 [restartedMain] WARN  o.h.e.jdbc.spi.SqlExceptionHelper -  - relação "usuario_funcoes" não existe, ignorando
2025-02-03 15:53:29 [restartedMain] WARN  o.h.e.jdbc.spi.SqlExceptionHelper -  - SQL Warning Code: 0, SQLState: 00000
2025-02-03 15:53:29 [restartedMain] WARN  o.h.e.jdbc.spi.SqlExceptionHelper -  - tabela "amorif_usuario" não existe, ignorando
2025-02-03 15:53:29 [restartedMain] WARN  o.h.e.jdbc.spi.SqlExceptionHelper -  - SQL Warning Code: 0, SQLState: 00000
2025-02-03 15:53:29 [restartedMain] WARN  o.h.e.jdbc.spi.SqlExceptionHelper -  - tabela "ano_letivo" não existe, ignorando
2025-02-03 15:53:29 [restartedMain] WARN  o.h.e.jdbc.spi.SqlExceptionHelper -  - SQL Warning Code: 0, SQLState: 00000
2025-02-03 15:53:29 [restartedMain] WARN  o.h.e.jdbc.spi.SqlExceptionHelper -  - tabela "funcao" não existe, ignorando
2025-02-03 15:53:29 [restartedMain] WARN  o.h.e.jdbc.spi.SqlExceptionHelper -  - SQL Warning Code: 0, SQLState: 00000
2025-02-03 15:53:29 [restartedMain] WARN  o.h.e.jdbc.spi.SqlExceptionHelper -  - tabela "pontuacao" não existe, ignorando
2025-02-03 15:53:29 [restartedMain] WARN  o.h.e.jdbc.spi.SqlExceptionHelper -  - SQL Warning Code: 0, SQLState: 00000
2025-02-03 15:53:29 [restartedMain] WARN  o.h.e.jdbc.spi.SqlExceptionHelper -  - tabela "regra" não existe, ignorando
2025-02-03 15:53:29 [restartedMain] WARN  o.h.e.jdbc.spi.SqlExceptionHelper -  - SQL Warning Code: 0, SQLState: 00000
2025-02-03 15:53:29 [restartedMain] WARN  o.h.e.jdbc.spi.SqlExceptionHelper -  - tabela "regra_funcao" não existe, ignorando
2025-02-03 15:53:29 [restartedMain] WARN  o.h.e.jdbc.spi.SqlExceptionHelper -  - SQL Warning Code: 0, SQLState: 00000
2025-02-03 15:53:29 [restartedMain] WARN  o.h.e.jdbc.spi.SqlExceptionHelper -  - tabela "senso" não existe, ignorando
2025-02-03 15:53:29 [restartedMain] WARN  o.h.e.jdbc.spi.SqlExceptionHelper -  - SQL Warning Code: 0, SQLState: 00000
2025-02-03 15:53:29 [restartedMain] WARN  o.h.e.jdbc.spi.SqlExceptionHelper -  - tabela "tipo_regra" não existe, ignorando
2025-02-03 15:53:29 [restartedMain] WARN  o.h.e.jdbc.spi.SqlExceptionHelper -  - SQL Warning Code: 0, SQLState: 00000
2025-02-03 15:53:29 [restartedMain] WARN  o.h.e.jdbc.spi.SqlExceptionHelper -  - tabela "token" não existe, ignorando
2025-02-03 15:53:29 [restartedMain] WARN  o.h.e.jdbc.spi.SqlExceptionHelper -  - SQL Warning Code: 0, SQLState: 00000
2025-02-03 15:53:29 [restartedMain] WARN  o.h.e.jdbc.spi.SqlExceptionHelper -  - tabela "turma" não existe, ignorando
2025-02-03 15:53:29 [restartedMain] WARN  o.h.e.jdbc.spi.SqlExceptionHelper -  - SQL Warning Code: 0, SQLState: 00000
2025-02-03 15:53:29 [restartedMain] WARN  o.h.e.jdbc.spi.SqlExceptionHelper -  - tabela "usuario_funcoes" não existe, ignorando
2025-02-03 15:53:29 [restartedMain] INFO  o.s.o.j.LocalContainerEntityManagerFactoryBean -  - Initialized JPA EntityManagerFactory for persistence unit 'default'
2025-02-03 15:53:29 [restartedMain] WARN  o.s.b.a.o.j.JpaBaseConfiguration$JpaWebConfiguration -  - spring.jpa.open-in-view is enabled by default. Therefore, database queries may be performed during view rendering. Explicitly configure spring.jpa.open-in-view to disable this warning
2025-02-03 15:53:29 [restartedMain] INFO  o.s.s.web.DefaultSecurityFilterChain -  - Will secure any request with [org.springframework.security.web.session.DisableEncodeUrlFilter@32e2776c, org.springframework.security.web.context.request.async.WebAsyncManagerIntegrationFilter@489ecd86, org.springframework.security.web.context.SecurityContextHolderFilter@28b01988, org.springframework.security.web.header.HeaderWriterFilter@76b8ebd0, org.springframework.web.filter.CorsFilter@5a64f8b8, org.springframework.security.web.authentication.logout.LogoutFilter@4cd6da0c, com.amorif.config.security.JWTAuthenticationFilter@5defa1a0, org.springframework.security.web.savedrequest.RequestCacheAwareFilter@68b9d8cf, org.springframework.security.web.servletapi.SecurityContextHolderAwareRequestFilter@59ee5863, org.springframework.security.web.authentication.AnonymousAuthenticationFilter@50833acb, org.springframework.security.web.session.SessionManagementFilter@4a5ee1e2, org.springframework.security.web.access.ExceptionTranslationFilter@5b237d4c, org.springframework.security.web.access.intercept.AuthorizationFilter@41897c9b]
2025-02-03 15:53:29 [restartedMain] INFO  o.s.b.d.a.OptionalLiveReloadServer -  - LiveReload server is running on port 35729
2025-02-03 15:53:29 [restartedMain] INFO  o.a.coyote.http11.Http11NioProtocol -  - Starting ProtocolHandler ["http-nio-8080"]
2025-02-03 15:53:29 [restartedMain] INFO  o.s.b.w.e.tomcat.TomcatWebServer -  - Tomcat started on port 8080 (http) with context path ''
2025-02-03 15:53:29 [restartedMain] INFO  com.amorif.StartApp -  - Started StartApp in 0.945 seconds (process running for 6059.035)
2025-02-03 15:53:30 [restartedMain] INFO  o.s.b.d.a.ConditionEvaluationDeltaLoggingListener -  - Condition evaluation unchanged
2025-02-03 15:53:34 [http-nio-8080-exec-1] INFO  o.a.c.c.C.[Tomcat].[localhost].[/] -  - Initializing Spring DispatcherServlet 'dispatcherServlet'
2025-02-03 15:53:34 [http-nio-8080-exec-1] INFO  o.s.web.servlet.DispatcherServlet -  - Initializing Servlet 'dispatcherServlet'
2025-02-03 15:53:34 [http-nio-8080-exec-1] INFO  o.s.web.servlet.DispatcherServlet -  - Completed initialization in 0 ms
2025-02-03 15:53:34 [http-nio-8080-exec-2] ERROR o.a.c.c.C.[.[.[.[dispatcherServlet] -  - Servlet.service() for servlet [dispatcherServlet] in context with path [] threw exception
com.amorif.exceptions.UserNotFoundException: Não existe um usuário no sistema com essa matrícula!
	at com.amorif.config.AppConfig.lambda$1(AppConfig.java:26)
	at java.base/java.util.Optional.orElseThrow(Optional.java:403)
	at com.amorif.config.AppConfig.lambda$0(AppConfig.java:26)
	at com.amorif.config.security.JWTTokenProvider.getAuthentication(JWTTokenProvider.java:101)
	at com.amorif.config.security.JWTAuthenticationFilter.doFilterInternal(JWTAuthenticationFilter.java:50)
	at org.springframework.web.filter.OncePerRequestFilter.doFilter(OncePerRequestFilter.java:116)
	at org.springframework.security.web.FilterChainProxy$VirtualFilterChain.doFilter(FilterChainProxy.java:374)
	at org.springframework.security.web.authentication.logout.LogoutFilter.doFilter(LogoutFilter.java:107)
	at org.springframework.security.web.authentication.logout.LogoutFilter.doFilter(LogoutFilter.java:93)
	at org.springframework.security.web.FilterChainProxy$VirtualFilterChain.doFilter(FilterChainProxy.java:374)
	at org.springframework.web.filter.CorsFilter.doFilterInternal(CorsFilter.java:91)
	at org.springframework.web.filter.OncePerRequestFilter.doFilter(OncePerRequestFilter.java:116)
	at org.springframework.security.web.FilterChainProxy$VirtualFilterChain.doFilter(FilterChainProxy.java:374)
	at org.springframework.security.web.header.HeaderWriterFilter.doHeadersAfter(HeaderWriterFilter.java:90)
	at org.springframework.security.web.header.HeaderWriterFilter.doFilterInternal(HeaderWriterFilter.java:75)
	at org.springframework.web.filter.OncePerRequestFilter.doFilter(OncePerRequestFilter.java:116)
	at org.springframework.security.web.FilterChainProxy$VirtualFilterChain.doFilter(FilterChainProxy.java:374)
	at org.springframework.security.web.context.SecurityContextHolderFilter.doFilter(SecurityContextHolderFilter.java:82)
	at org.springframework.security.web.context.SecurityContextHolderFilter.doFilter(SecurityContextHolderFilter.java:69)
	at org.springframework.security.web.FilterChainProxy$VirtualFilterChain.doFilter(FilterChainProxy.java:374)
	at org.springframework.security.web.context.request.async.WebAsyncManagerIntegrationFilter.doFilterInternal(WebAsyncManagerIntegrationFilter.java:62)
	at org.springframework.web.filter.OncePerRequestFilter.doFilter(OncePerRequestFilter.java:116)
	at org.springframework.security.web.FilterChainProxy$VirtualFilterChain.doFilter(FilterChainProxy.java:374)
	at org.springframework.security.web.session.DisableEncodeUrlFilter.doFilterInternal(DisableEncodeUrlFilter.java:42)
	at org.springframework.web.filter.OncePerRequestFilter.doFilter(OncePerRequestFilter.java:116)
	at org.springframework.security.web.FilterChainProxy$VirtualFilterChain.doFilter(FilterChainProxy.java:374)
	at org.springframework.security.web.FilterChainProxy.doFilterInternal(FilterChainProxy.java:233)
	at org.springframework.security.web.FilterChainProxy.doFilter(FilterChainProxy.java:191)
	at org.springframework.web.filter.DelegatingFilterProxy.invokeDelegate(DelegatingFilterProxy.java:352)
	at org.springframework.web.filter.DelegatingFilterProxy.doFilter(DelegatingFilterProxy.java:268)
	at org.apache.catalina.core.ApplicationFilterChain.internalDoFilter(ApplicationFilterChain.java:174)
	at org.apache.catalina.core.ApplicationFilterChain.doFilter(ApplicationFilterChain.java:149)
	at org.springframework.web.filter.RequestContextFilter.doFilterInternal(RequestContextFilter.java:100)
	at org.springframework.web.filter.OncePerRequestFilter.doFilter(OncePerRequestFilter.java:116)
	at org.apache.catalina.core.ApplicationFilterChain.internalDoFilter(ApplicationFilterChain.java:174)
	at org.apache.catalina.core.ApplicationFilterChain.doFilter(ApplicationFilterChain.java:149)
	at org.springframework.web.filter.FormContentFilter.doFilterInternal(FormContentFilter.java:93)
	at org.springframework.web.filter.OncePerRequestFilter.doFilter(OncePerRequestFilter.java:116)
	at org.apache.catalina.core.ApplicationFilterChain.internalDoFilter(ApplicationFilterChain.java:174)
	at org.apache.catalina.core.ApplicationFilterChain.doFilter(ApplicationFilterChain.java:149)
	at org.springframework.web.filter.CharacterEncodingFilter.doFilterInternal(CharacterEncodingFilter.java:201)
	at org.springframework.web.filter.OncePerRequestFilter.doFilter(OncePerRequestFilter.java:116)
	at org.apache.catalina.core.ApplicationFilterChain.internalDoFilter(ApplicationFilterChain.java:174)
	at org.apache.catalina.core.ApplicationFilterChain.doFilter(ApplicationFilterChain.java:149)
	at org.apache.catalina.core.StandardWrapperValve.invoke(StandardWrapperValve.java:167)
	at org.apache.catalina.core.StandardContextValve.invoke(StandardContextValve.java:90)
	at org.apache.catalina.authenticator.AuthenticatorBase.invoke(AuthenticatorBase.java:482)
	at org.apache.catalina.core.StandardHostValve.invoke(StandardHostValve.java:115)
	at org.apache.catalina.valves.ErrorReportValve.invoke(ErrorReportValve.java:93)
	at org.apache.catalina.core.StandardEngineValve.invoke(StandardEngineValve.java:74)
	at org.apache.catalina.connector.CoyoteAdapter.service(CoyoteAdapter.java:340)
	at org.apache.coyote.http11.Http11Processor.service(Http11Processor.java:391)
	at org.apache.coyote.AbstractProcessorLight.process(AbstractProcessorLight.java:63)
	at org.apache.coyote.AbstractProtocol$ConnectionHandler.process(AbstractProtocol.java:896)
	at org.apache.tomcat.util.net.NioEndpoint$SocketProcessor.doRun(NioEndpoint.java:1744)
	at org.apache.tomcat.util.net.SocketProcessorBase.run(SocketProcessorBase.java:52)
	at org.apache.tomcat.util.threads.ThreadPoolExecutor.runWorker(ThreadPoolExecutor.java:1191)
	at org.apache.tomcat.util.threads.ThreadPoolExecutor$Worker.run(ThreadPoolExecutor.java:659)
	at org.apache.tomcat.util.threads.TaskThread$WrappingRunnable.run(TaskThread.java:61)
	at java.base/java.lang.Thread.run(Thread.java:1575)
2025-02-03 15:53:34 [http-nio-8080-exec-2] WARN  o.s.w.s.h.HandlerMappingIntrospector -  - Cache miss for ERROR dispatch to '/error' (previous null). Performing MatchableHandlerMapping lookup. This is logged once only at WARN level, and every time at TRACE.
2025-02-03 15:53:34 [http-nio-8080-exec-4] ERROR o.a.c.c.C.[.[.[.[dispatcherServlet] -  - Servlet.service() for servlet [dispatcherServlet] in context with path [] threw exception
com.amorif.exceptions.UserNotFoundException: Não existe um usuário no sistema com essa matrícula!
	at com.amorif.config.AppConfig.lambda$1(AppConfig.java:26)
	at java.base/java.util.Optional.orElseThrow(Optional.java:403)
	at com.amorif.config.AppConfig.lambda$0(AppConfig.java:26)
	at com.amorif.config.security.JWTTokenProvider.getAuthentication(JWTTokenProvider.java:101)
	at com.amorif.config.security.JWTAuthenticationFilter.doFilterInternal(JWTAuthenticationFilter.java:50)
	at org.springframework.web.filter.OncePerRequestFilter.doFilter(OncePerRequestFilter.java:116)
	at org.springframework.security.web.FilterChainProxy$VirtualFilterChain.doFilter(FilterChainProxy.java:374)
	at org.springframework.security.web.authentication.logout.LogoutFilter.doFilter(LogoutFilter.java:107)
	at org.springframework.security.web.authentication.logout.LogoutFilter.doFilter(LogoutFilter.java:93)
	at org.springframework.security.web.FilterChainProxy$VirtualFilterChain.doFilter(FilterChainProxy.java:374)
	at org.springframework.web.filter.CorsFilter.doFilterInternal(CorsFilter.java:91)
	at org.springframework.web.filter.OncePerRequestFilter.doFilter(OncePerRequestFilter.java:116)
	at org.springframework.security.web.FilterChainProxy$VirtualFilterChain.doFilter(FilterChainProxy.java:374)
	at org.springframework.security.web.header.HeaderWriterFilter.doHeadersAfter(HeaderWriterFilter.java:90)
	at org.springframework.security.web.header.HeaderWriterFilter.doFilterInternal(HeaderWriterFilter.java:75)
	at org.springframework.web.filter.OncePerRequestFilter.doFilter(OncePerRequestFilter.java:116)
	at org.springframework.security.web.FilterChainProxy$VirtualFilterChain.doFilter(FilterChainProxy.java:374)
	at org.springframework.security.web.context.SecurityContextHolderFilter.doFilter(SecurityContextHolderFilter.java:82)
	at org.springframework.security.web.context.SecurityContextHolderFilter.doFilter(SecurityContextHolderFilter.java:69)
	at org.springframework.security.web.FilterChainProxy$VirtualFilterChain.doFilter(FilterChainProxy.java:374)
	at org.springframework.security.web.context.request.async.WebAsyncManagerIntegrationFilter.doFilterInternal(WebAsyncManagerIntegrationFilter.java:62)
	at org.springframework.web.filter.OncePerRequestFilter.doFilter(OncePerRequestFilter.java:116)
	at org.springframework.security.web.FilterChainProxy$VirtualFilterChain.doFilter(FilterChainProxy.java:374)
	at org.springframework.security.web.session.DisableEncodeUrlFilter.doFilterInternal(DisableEncodeUrlFilter.java:42)
	at org.springframework.web.filter.OncePerRequestFilter.doFilter(OncePerRequestFilter.java:116)
	at org.springframework.security.web.FilterChainProxy$VirtualFilterChain.doFilter(FilterChainProxy.java:374)
	at org.springframework.security.web.FilterChainProxy.doFilterInternal(FilterChainProxy.java:233)
	at org.springframework.security.web.FilterChainProxy.doFilter(FilterChainProxy.java:191)
	at org.springframework.web.filter.DelegatingFilterProxy.invokeDelegate(DelegatingFilterProxy.java:352)
	at org.springframework.web.filter.DelegatingFilterProxy.doFilter(DelegatingFilterProxy.java:268)
	at org.apache.catalina.core.ApplicationFilterChain.internalDoFilter(ApplicationFilterChain.java:174)
	at org.apache.catalina.core.ApplicationFilterChain.doFilter(ApplicationFilterChain.java:149)
	at org.springframework.web.filter.RequestContextFilter.doFilterInternal(RequestContextFilter.java:100)
	at org.springframework.web.filter.OncePerRequestFilter.doFilter(OncePerRequestFilter.java:116)
	at org.apache.catalina.core.ApplicationFilterChain.internalDoFilter(ApplicationFilterChain.java:174)
	at org.apache.catalina.core.ApplicationFilterChain.doFilter(ApplicationFilterChain.java:149)
	at org.springframework.web.filter.FormContentFilter.doFilterInternal(FormContentFilter.java:93)
	at org.springframework.web.filter.OncePerRequestFilter.doFilter(OncePerRequestFilter.java:116)
	at org.apache.catalina.core.ApplicationFilterChain.internalDoFilter(ApplicationFilterChain.java:174)
	at org.apache.catalina.core.ApplicationFilterChain.doFilter(ApplicationFilterChain.java:149)
	at org.springframework.web.filter.CharacterEncodingFilter.doFilterInternal(CharacterEncodingFilter.java:201)
	at org.springframework.web.filter.OncePerRequestFilter.doFilter(OncePerRequestFilter.java:116)
	at org.apache.catalina.core.ApplicationFilterChain.internalDoFilter(ApplicationFilterChain.java:174)
	at org.apache.catalina.core.ApplicationFilterChain.doFilter(ApplicationFilterChain.java:149)
	at org.apache.catalina.core.StandardWrapperValve.invoke(StandardWrapperValve.java:167)
	at org.apache.catalina.core.StandardContextValve.invoke(StandardContextValve.java:90)
	at org.apache.catalina.authenticator.AuthenticatorBase.invoke(AuthenticatorBase.java:482)
	at org.apache.catalina.core.StandardHostValve.invoke(StandardHostValve.java:115)
	at org.apache.catalina.valves.ErrorReportValve.invoke(ErrorReportValve.java:93)
	at org.apache.catalina.core.StandardEngineValve.invoke(StandardEngineValve.java:74)
	at org.apache.catalina.connector.CoyoteAdapter.service(CoyoteAdapter.java:340)
	at org.apache.coyote.http11.Http11Processor.service(Http11Processor.java:391)
	at org.apache.coyote.AbstractProcessorLight.process(AbstractProcessorLight.java:63)
	at org.apache.coyote.AbstractProtocol$ConnectionHandler.process(AbstractProtocol.java:896)
	at org.apache.tomcat.util.net.NioEndpoint$SocketProcessor.doRun(NioEndpoint.java:1744)
	at org.apache.tomcat.util.net.SocketProcessorBase.run(SocketProcessorBase.java:52)
	at org.apache.tomcat.util.threads.ThreadPoolExecutor.runWorker(ThreadPoolExecutor.java:1191)
	at org.apache.tomcat.util.threads.ThreadPoolExecutor$Worker.run(ThreadPoolExecutor.java:659)
	at org.apache.tomcat.util.threads.TaskThread$WrappingRunnable.run(TaskThread.java:61)
	at java.base/java.lang.Thread.run(Thread.java:1575)
2025-02-11 11:20:13 [main] INFO  o.s.t.c.s.AnnotationConfigContextLoaderUtils -  - Could not detect default configuration classes for test class [com.amorif.services.impl.PontuacaoServiceImplTest]: PontuacaoServiceImplTest does not declare any static, non-private, non-final, nested classes annotated with @Configuration.
2025-02-11 11:20:14 [main] INFO  o.s.b.t.c.SpringBootTestContextBootstrapper -  - Found @SpringBootConfiguration com.amorif.StartApp for test class com.amorif.services.impl.PontuacaoServiceImplTest
2025-02-11 11:20:14 [main] INFO  o.s.b.d.r.RestartApplicationListener -  - Restart disabled due to context in which it is running
2025-02-11 11:20:15 [main] INFO  c.a.s.impl.PontuacaoServiceImplTest -  - Starting PontuacaoServiceImplTest using Java 21.0.6 with PID 145381 (started by manoel.cunha in /home/manoel.cunha/deploy/backend)
2025-02-11 11:20:15 [main] INFO  c.a.s.impl.PontuacaoServiceImplTest -  - The following 1 profile is active: "test"
2025-02-11 11:20:16 [main] WARN  o.s.b.a.s.s.UserDetailsServiceAutoConfiguration -  - 

Using generated security password: d9c4108b-2bd7-4f22-b161-3c6e0c5f82a2

This generated password is for development use only. Your security configuration must be updated before running your application in production.

2025-02-11 11:20:17 [main] INFO  o.s.s.web.DefaultSecurityFilterChain -  - Will secure any request with [org.springframework.security.web.session.DisableEncodeUrlFilter@4af7ac25, org.springframework.security.web.context.request.async.WebAsyncManagerIntegrationFilter@d978ab9, org.springframework.security.web.context.SecurityContextHolderFilter@3caa4d85, org.springframework.security.web.header.HeaderWriterFilter@75bf9e67, org.springframework.web.filter.CorsFilter@3cf06a01, org.springframework.security.web.authentication.logout.LogoutFilter@5c41b8d8, org.springframework.security.web.savedrequest.RequestCacheAwareFilter@51508029, org.springframework.security.web.servletapi.SecurityContextHolderAwareRequestFilter@5f20b6fe, org.springframework.security.web.authentication.AnonymousAuthenticationFilter@71ee2fff, org.springframework.security.web.access.ExceptionTranslationFilter@7ecb9e17, org.springframework.security.web.access.intercept.AuthorizationFilter@4de158ca]
2025-02-11 11:20:17 [main] INFO  o.s.b.t.m.w.SpringBootMockServletContext -  - Initializing Spring TestDispatcherServlet ''
2025-02-11 11:20:17 [main] INFO  o.s.t.w.s.TestDispatcherServlet -  - Initializing Servlet ''
2025-02-11 11:20:17 [main] INFO  o.s.t.w.s.TestDispatcherServlet -  - Completed initialization in 2 ms
2025-02-11 11:20:17 [main] INFO  c.a.s.impl.PontuacaoServiceImplTest -  - Started PontuacaoServiceImplTest in 2.366 seconds (process running for 4.244)
2025-02-11 11:20:17 [main] INFO  o.s.t.c.s.AnnotationConfigContextLoaderUtils -  - Could not detect default configuration classes for test class [com.amorif.controller.RegraControllerTest]: RegraControllerTest does not declare any static, non-private, non-final, nested classes annotated with @Configuration.
2025-02-11 11:20:17 [main] INFO  o.s.b.t.c.SpringBootTestContextBootstrapper -  - Found @SpringBootConfiguration com.amorif.StartApp for test class com.amorif.controller.RegraControllerTest
2025-02-11 11:20:17 [main] INFO  o.s.b.d.r.RestartApplicationListener -  - Restart disabled due to context in which it is running
2025-02-11 11:20:17 [main] INFO  c.a.controller.RegraControllerTest -  - Starting RegraControllerTest using Java 21.0.6 with PID 145381 (started by manoel.cunha in /home/manoel.cunha/deploy/backend)
2025-02-11 11:20:17 [main] INFO  c.a.controller.RegraControllerTest -  - The following 1 profile is active: "test"
2025-02-11 11:20:17 [main] WARN  o.s.b.a.s.s.UserDetailsServiceAutoConfiguration -  - 

Using generated security password: 4cc3ef1c-deb6-420c-a58c-65797cbfdc32

This generated password is for development use only. Your security configuration must be updated before running your application in production.

2025-02-11 11:20:17 [main] INFO  o.s.s.web.DefaultSecurityFilterChain -  - Will secure any request with [org.springframework.security.web.session.DisableEncodeUrlFilter@7857cb1d, org.springframework.security.web.context.request.async.WebAsyncManagerIntegrationFilter@7646c9f5, org.springframework.security.web.context.SecurityContextHolderFilter@76c587ce, org.springframework.security.web.header.HeaderWriterFilter@2555a986, org.springframework.web.filter.CorsFilter@7b54a0a4, org.springframework.security.web.authentication.logout.LogoutFilter@5535e9, org.springframework.security.web.savedrequest.RequestCacheAwareFilter@2ae7c1d, org.springframework.security.web.servletapi.SecurityContextHolderAwareRequestFilter@5265a8dd, org.springframework.security.web.authentication.AnonymousAuthenticationFilter@682d9f21, org.springframework.security.web.access.ExceptionTranslationFilter@78e50fca, org.springframework.security.web.access.intercept.AuthorizationFilter@687f62a5]
2025-02-11 11:20:17 [main] INFO  o.s.b.t.m.w.SpringBootMockServletContext -  - Initializing Spring TestDispatcherServlet ''
2025-02-11 11:20:17 [main] INFO  o.s.t.w.s.TestDispatcherServlet -  - Initializing Servlet ''
2025-02-11 11:20:17 [main] INFO  o.s.t.w.s.TestDispatcherServlet -  - Completed initialization in 1 ms
2025-02-11 11:20:17 [main] INFO  c.a.controller.RegraControllerTest -  - Started RegraControllerTest in 0.401 seconds (process running for 5.011)
2025-02-11 11:20:18 [main] WARN  o.s.w.s.h.HandlerMappingIntrospector -  - Cache miss for REQUEST dispatch to '/api/regras/listarTodas' (previous null). Performing CorsConfiguration lookup. This is logged once only at WARN level, and every time at TRACE.
2025-02-11 11:20:18 [main] INFO  o.s.t.c.s.AnnotationConfigContextLoaderUtils -  - Could not detect default configuration classes for test class [com.loveif.StartAppTests]: StartAppTests does not declare any static, non-private, non-final, nested classes annotated with @Configuration.
